#
# There is insufficient memory for the Java Runtime Environment to continue.
# Native memory allocation (malloc) failed to allocate 1422624 bytes for Chunk::new
# Possible reasons:
#   The system is out of physical RAM or swap space
#   The process is running with CompressedOops enabled, and the Java Heap may be blocking the growth of the native heap
# Possible solutions:
#   Reduce memory load on the system
#   Increase physical memory or swap space
#   Check if swap backing store is full
#   Decrease Java heap size (-Xmx/-Xms)
#   Decrease number of Java threads
#   Decrease Java thread stack sizes (-Xss)
#   Set larger code cache with -XX:ReservedCodeCacheSize=
#   JVM is running with Unscaled Compressed Oops mode in which the Java heap is
#     placed in the first 4GB address space. The Java Heap base address is the
#     maximum limit for the native heap growth. Please use -XX:HeapBaseMinAddress
#     to set the Java Heap base and to place the Java Heap above 4GB virtual address.
# This output file may be truncated or incomplete.
#
#  Out of Memory Error (arena.cpp:168), pid=23264, tid=30288
#
# JRE version: OpenJDK Runtime Environment Corretto-21.0.2.13.1 (21.0.2+13) (build 21.0.2+13-LTS)
# Java VM: OpenJDK 64-Bit Server VM Corretto-21.0.2.13.1 (21.0.2+13-LTS, mixed mode, sharing, tiered, compressed oops, compressed class ptrs, g1 gc, windows-amd64)
# No core dump will be written. Minidumps are not enabled by default on client versions of Windows
#

---------------  S U M M A R Y ------------

Command Line: -Dorg.gradle.internal.worker.tmpdir=C:\Users\sahma\Downloads\sde_homeworks\demo\build\tmp\test\work -XX:+EnableDynamicAgentLoading -Xmx512m -Dfile.encoding=windows-1252 -Duser.country=US -Duser.language=en -Duser.variant -ea worker.org.gradle.process.internal.worker.GradleWorkerMain 'Gradle Test Executor 11'

Host: 12th Gen Intel(R) Core(TM) i7-1255U, 12 cores, 15G,  Windows 11 , 64 bit Build 26100 (10.0.26100.3037)
Time: Mon Mar 10 00:02:23 2025 GTB Standard Time elapsed time: 1.244685 seconds (0d 0h 0m 1s)

---------------  T H R E A D  ---------------

Current thread (0x000001ea8d1df010):  JavaThread "C2 CompilerThread2" daemon [_thread_in_native, id=30288, stack(0x000000ab21d00000,0x000000ab21e00000) (1024K)]


Current CompileTask:
C2:   1244 1890       4       java.lang.invoke.MethodType::makeImpl (109 bytes)

Stack: [0x000000ab21d00000,0x000000ab21e00000]
Native frames: (J=compiled Java code, j=interpreted, Vv=VM code, C=native code)
V  [jvm.dll+0x6d47f9]
V  [jvm.dll+0x8afff3]
V  [jvm.dll+0x8b234e]
V  [jvm.dll+0x8b2a33]
V  [jvm.dll+0x284e96]
V  [jvm.dll+0xc600d]
V  [jvm.dll+0xc6543]
V  [jvm.dll+0x3bc0cb]
V  [jvm.dll+0x388937]
V  [jvm.dll+0x387daa]
V  [jvm.dll+0x24d3b2]
V  [jvm.dll+0x24c981]
V  [jvm.dll+0x1cbb54]
V  [jvm.dll+0x25bf99]
V  [jvm.dll+0x25a58b]
V  [jvm.dll+0x3f6106]
V  [jvm.dll+0x8586f8]
V  [jvm.dll+0x6d303d]
C  [ucrtbase.dll+0x37b0]
C  [KERNEL32.DLL+0x2e8d7]
C  [ntdll.dll+0xbbf2c]


---------------  P R O C E S S  ---------------

Threads class SMR info:
_java_thread_list=0x000001ea8dcdfbe0, length=16, elements={
0x000001ea2cb354c0, 0x000001ea8d0124d0, 0x000001ea8d013130, 0x000001ea8d016100,
0x000001ea8d019310, 0x000001ea8d01cae0, 0x000001ea8d028070, 0x000001ea8d02d5d0,
0x000001ea8d031570, 0x000001ea8d1b5d60, 0x000001ea8d1c37c0, 0x000001ea8d1de960,
0x000001ea8d1df010, 0x000001ea8dae7160, 0x000001ea8dd64210, 0x000001ea8dd63600
}

Java Threads: ( => current thread )
  0x000001ea2cb354c0 JavaThread "Test worker"                       [_thread_in_native, id=24616, stack(0x000000ab20a00000,0x000000ab20b00000) (1024K)]
  0x000001ea8d0124d0 JavaThread "Reference Handler"          daemon [_thread_blocked, id=28036, stack(0x000000ab21200000,0x000000ab21300000) (1024K)]
  0x000001ea8d013130 JavaThread "Finalizer"                  daemon [_thread_blocked, id=13812, stack(0x000000ab21300000,0x000000ab21400000) (1024K)]
  0x000001ea8d016100 JavaThread "Signal Dispatcher"          daemon [_thread_blocked, id=8212, stack(0x000000ab21400000,0x000000ab21500000) (1024K)]
  0x000001ea8d019310 JavaThread "Attach Listener"            daemon [_thread_blocked, id=17200, stack(0x000000ab21500000,0x000000ab21600000) (1024K)]
  0x000001ea8d01cae0 JavaThread "Service Thread"             daemon [_thread_blocked, id=20184, stack(0x000000ab21600000,0x000000ab21700000) (1024K)]
  0x000001ea8d028070 JavaThread "Monitor Deflation Thread"   daemon [_thread_blocked, id=9168, stack(0x000000ab21700000,0x000000ab21800000) (1024K)]
  0x000001ea8d02d5d0 JavaThread "C2 CompilerThread0"         daemon [_thread_blocked, id=20520, stack(0x000000ab21800000,0x000000ab21900000) (1024K)]
  0x000001ea8d031570 JavaThread "C1 CompilerThread0"         daemon [_thread_blocked, id=31308, stack(0x000000ab21900000,0x000000ab21a00000) (1024K)]
  0x000001ea8d1b5d60 JavaThread "Notification Thread"        daemon [_thread_blocked, id=26992, stack(0x000000ab21a00000,0x000000ab21b00000) (1024K)]
  0x000001ea8d1c37c0 JavaThread "Common-Cleaner"             daemon [_thread_blocked, id=7204, stack(0x000000ab21b00000,0x000000ab21c00000) (1024K)]
  0x000001ea8d1de960 JavaThread "C2 CompilerThread1"         daemon [_thread_blocked, id=23016, stack(0x000000ab21c00000,0x000000ab21d00000) (1024K)]
=>0x000001ea8d1df010 JavaThread "C2 CompilerThread2"         daemon [_thread_in_native, id=30288, stack(0x000000ab21d00000,0x000000ab21e00000) (1024K)]
  0x000001ea8dae7160 JavaThread "/127.0.0.1:12893 to /127.0.0.1:12880 workers"        [_thread_blocked, id=6444, stack(0x000000ab21f00000,0x000000ab22000000) (1024K)]
  0x000001ea8dd64210 JavaThread "/127.0.0.1:12893 to /127.0.0.1:12880 workers Thread 2"        [_thread_blocked, id=16208, stack(0x000000ab22000000,0x000000ab22100000) (1024K)]
  0x000001ea8dd63600 JavaThread "/127.0.0.1:12893 to /127.0.0.1:12880 workers Thread 3"        [_thread_in_native, id=25260, stack(0x000000ab22100000,0x000000ab22200000) (1024K)]
Total: 16

Other Threads:
  0x000001ea47e08090 VMThread "VM Thread"                           [id=4668, stack(0x000000ab21100000,0x000000ab21200000) (1024K)]
  0x000001ea47def100 WatcherThread "VM Periodic Task Thread"        [id=25804, stack(0x000000ab21000000,0x000000ab21100000) (1024K)]
  0x000001ea2cb5de00 WorkerThread "GC Thread#0"                     [id=18576, stack(0x000000ab20b00000,0x000000ab20c00000) (1024K)]
  0x000001ea8dde80b0 WorkerThread "GC Thread#1"                     [id=25848, stack(0x000000ab22200000,0x000000ab22300000) (1024K)]
  0x000001ea8dde8450 WorkerThread "GC Thread#2"                     [id=23612, stack(0x000000ab22300000,0x000000ab22400000) (1024K)]
  0x000001ea8dde87f0 WorkerThread "GC Thread#3"                     [id=24628, stack(0x000000ab22400000,0x000000ab22500000) (1024K)]
  0x000001ea8dde8b90 WorkerThread "GC Thread#4"                     [id=11568, stack(0x000000ab22500000,0x000000ab22600000) (1024K)]
  0x000001ea8e07fe70 WorkerThread "GC Thread#5"                     [id=24660, stack(0x000000ab22600000,0x000000ab22700000) (1024K)]
  0x000001ea8e080210 WorkerThread "GC Thread#6"                     [id=2536, stack(0x000000ab22700000,0x000000ab22800000) (1024K)]
  0x000001ea8e0805b0 WorkerThread "GC Thread#7"                     [id=25732, stack(0x000000ab22800000,0x000000ab22900000) (1024K)]
  0x000001ea8dea1840 WorkerThread "GC Thread#8"                     [id=2504, stack(0x000000ab22900000,0x000000ab22a00000) (1024K)]
  0x000001ea8dc9d890 WorkerThread "GC Thread#9"                     [id=25420, stack(0x000000ab22a00000,0x000000ab22b00000) (1024K)]
  0x000001ea2cb62cf0 ConcurrentGCThread "G1 Main Marker"            [id=11020, stack(0x000000ab20c00000,0x000000ab20d00000) (1024K)]
  0x000001ea2cb64580 WorkerThread "G1 Conc#0"                       [id=19676, stack(0x000000ab20d00000,0x000000ab20e00000) (1024K)]
  0x000001ea47cba5d0 ConcurrentGCThread "G1 Refine#0"               [id=12196, stack(0x000000ab20e00000,0x000000ab20f00000) (1024K)]
  0x000001ea47cbbf00 ConcurrentGCThread "G1 Service"                [id=16416, stack(0x000000ab20f00000,0x000000ab21000000) (1024K)]
Total: 16

Threads with active compile tasks:
C2 CompilerThread2     1263 1890       4       java.lang.invoke.MethodType::makeImpl (109 bytes)
Total: 1

VM state: not at safepoint (normal execution)

VM Mutex/Monitor currently owned by a thread: None

Heap address: 0x00000000e0000000, size: 512 MB, Compressed Oops mode: 32-bit

CDS archive(s) mapped at: [0x000001ea48000000-0x000001ea48c90000-0x000001ea48c90000), size 13172736, SharedBaseAddress: 0x000001ea48000000, ArchiveRelocationMode: 1.
Compressed class space mapped at: 0x000001ea49000000-0x000001ea89000000, reserved size: 1073741824
Narrow klass base: 0x000001ea48000000, Narrow klass shift: 0, Narrow klass range: 0x100000000

GC Precious Log:
 CardTable entry size: 512
 Card Set container configuration: InlinePtr #cards 5 size 8 Array Of Cards #cards 12 size 40 Howl #buckets 4 coarsen threshold 1843 Howl Bitmap #cards 512 size 80 coarsen threshold 460 Card regions per heap region 1 cards per card region 2048
 CPUs: 12 total, 12 available
 Memory: 16108M
 Large Page Support: Disabled
 NUMA Support: Disabled
 Compressed Oops: Enabled (32-bit)
 Heap Region Size: 1M
 Heap Min Capacity: 8M
 Heap Initial Capacity: 252M
 Heap Max Capacity: 512M
 Pre-touch: Disabled
 Parallel Workers: 10
 Concurrent Workers: 3
 Concurrent Refinement Workers: 10
 Periodic GC: Disabled

Heap:
 garbage-first heap   total 258048K, used 30296K [0x00000000e0000000, 0x0000000100000000)
  region size 1024K, 25 young (25600K), 3 survivors (3072K)
 Metaspace       used 11534K, committed 11840K, reserved 1114112K
  class space    used 1561K, committed 1728K, reserved 1048576K

Heap Regions: E=young(eden), S=young(survivor), O=old, HS=humongous(starts), HC=humongous(continues), CS=collection set, F=free, TAMS=top-at-mark-start, PB=parsable bottom
|   0|0x00000000e0000000, 0x00000000e0100000, 0x00000000e0100000|100%|HS|  |TAMS 0x00000000e0000000| PB 0x00000000e0000000| Complete 
|   1|0x00000000e0100000, 0x00000000e0200000, 0x00000000e0200000|100%| O|  |TAMS 0x00000000e0100000| PB 0x00000000e0100000| Untracked 
|   2|0x00000000e0200000, 0x00000000e0300000, 0x00000000e0300000|100%| O|  |TAMS 0x00000000e0200000| PB 0x00000000e0200000| Untracked 
|   3|0x00000000e0300000, 0x00000000e0400000, 0x00000000e0400000|100%| O|  |TAMS 0x00000000e0300000| PB 0x00000000e0300000| Untracked 
|   4|0x00000000e0400000, 0x00000000e0500000, 0x00000000e0500000|100%| O|  |TAMS 0x00000000e0400000| PB 0x00000000e0400000| Untracked 
|   5|0x00000000e0500000, 0x00000000e0596000, 0x00000000e0600000| 58%| O|  |TAMS 0x00000000e0500000| PB 0x00000000e0500000| Untracked 
|   6|0x00000000e0600000, 0x00000000e0600000, 0x00000000e0700000|  0%| F|  |TAMS 0x00000000e0600000| PB 0x00000000e0600000| Untracked 
|   7|0x00000000e0700000, 0x00000000e0700000, 0x00000000e0800000|  0%| F|  |TAMS 0x00000000e0700000| PB 0x00000000e0700000| Untracked 
|   8|0x00000000e0800000, 0x00000000e0800000, 0x00000000e0900000|  0%| F|  |TAMS 0x00000000e0800000| PB 0x00000000e0800000| Untracked 
|   9|0x00000000e0900000, 0x00000000e0900000, 0x00000000e0a00000|  0%| F|  |TAMS 0x00000000e0900000| PB 0x00000000e0900000| Untracked 
|  10|0x00000000e0a00000, 0x00000000e0a00000, 0x00000000e0b00000|  0%| F|  |TAMS 0x00000000e0a00000| PB 0x00000000e0a00000| Untracked 
|  11|0x00000000e0b00000, 0x00000000e0b00000, 0x00000000e0c00000|  0%| F|  |TAMS 0x00000000e0b00000| PB 0x00000000e0b00000| Untracked 
|  12|0x00000000e0c00000, 0x00000000e0c00000, 0x00000000e0d00000|  0%| F|  |TAMS 0x00000000e0c00000| PB 0x00000000e0c00000| Untracked 
|  13|0x00000000e0d00000, 0x00000000e0d00000, 0x00000000e0e00000|  0%| F|  |TAMS 0x00000000e0d00000| PB 0x00000000e0d00000| Untracked 
|  14|0x00000000e0e00000, 0x00000000e0e00000, 0x00000000e0f00000|  0%| F|  |TAMS 0x00000000e0e00000| PB 0x00000000e0e00000| Untracked 
|  15|0x00000000e0f00000, 0x00000000e0f00000, 0x00000000e1000000|  0%| F|  |TAMS 0x00000000e0f00000| PB 0x00000000e0f00000| Untracked 
|  16|0x00000000e1000000, 0x00000000e1000000, 0x00000000e1100000|  0%| F|  |TAMS 0x00000000e1000000| PB 0x00000000e1000000| Untracked 
|  17|0x00000000e1100000, 0x00000000e1100000, 0x00000000e1200000|  0%| F|  |TAMS 0x00000000e1100000| PB 0x00000000e1100000| Untracked 
|  18|0x00000000e1200000, 0x00000000e1200000, 0x00000000e1300000|  0%| F|  |TAMS 0x00000000e1200000| PB 0x00000000e1200000| Untracked 
|  19|0x00000000e1300000, 0x00000000e1300000, 0x00000000e1400000|  0%| F|  |TAMS 0x00000000e1300000| PB 0x00000000e1300000| Untracked 
|  20|0x00000000e1400000, 0x00000000e1400000, 0x00000000e1500000|  0%| F|  |TAMS 0x00000000e1400000| PB 0x00000000e1400000| Untracked 
|  21|0x00000000e1500000, 0x00000000e1500000, 0x00000000e1600000|  0%| F|  |TAMS 0x00000000e1500000| PB 0x00000000e1500000| Untracked 
|  22|0x00000000e1600000, 0x00000000e1600000, 0x00000000e1700000|  0%| F|  |TAMS 0x00000000e1600000| PB 0x00000000e1600000| Untracked 
|  23|0x00000000e1700000, 0x00000000e1700000, 0x00000000e1800000|  0%| F|  |TAMS 0x00000000e1700000| PB 0x00000000e1700000| Untracked 
|  24|0x00000000e1800000, 0x00000000e1800000, 0x00000000e1900000|  0%| F|  |TAMS 0x00000000e1800000| PB 0x00000000e1800000| Untracked 
|  25|0x00000000e1900000, 0x00000000e1900000, 0x00000000e1a00000|  0%| F|  |TAMS 0x00000000e1900000| PB 0x00000000e1900000| Untracked 
|  26|0x00000000e1a00000, 0x00000000e1a00000, 0x00000000e1b00000|  0%| F|  |TAMS 0x00000000e1a00000| PB 0x00000000e1a00000| Untracked 
|  27|0x00000000e1b00000, 0x00000000e1b00000, 0x00000000e1c00000|  0%| F|  |TAMS 0x00000000e1b00000| PB 0x00000000e1b00000| Untracked 
|  28|0x00000000e1c00000, 0x00000000e1c00000, 0x00000000e1d00000|  0%| F|  |TAMS 0x00000000e1c00000| PB 0x00000000e1c00000| Untracked 
|  29|0x00000000e1d00000, 0x00000000e1d00000, 0x00000000e1e00000|  0%| F|  |TAMS 0x00000000e1d00000| PB 0x00000000e1d00000| Untracked 
|  30|0x00000000e1e00000, 0x00000000e1e00000, 0x00000000e1f00000|  0%| F|  |TAMS 0x00000000e1e00000| PB 0x00000000e1e00000| Untracked 
|  31|0x00000000e1f00000, 0x00000000e1f00000, 0x00000000e2000000|  0%| F|  |TAMS 0x00000000e1f00000| PB 0x00000000e1f00000| Untracked 
|  32|0x00000000e2000000, 0x00000000e2000000, 0x00000000e2100000|  0%| F|  |TAMS 0x00000000e2000000| PB 0x00000000e2000000| Untracked 
|  33|0x00000000e2100000, 0x00000000e2100000, 0x00000000e2200000|  0%| F|  |TAMS 0x00000000e2100000| PB 0x00000000e2100000| Untracked 
|  34|0x00000000e2200000, 0x00000000e2200000, 0x00000000e2300000|  0%| F|  |TAMS 0x00000000e2200000| PB 0x00000000e2200000| Untracked 
|  35|0x00000000e2300000, 0x00000000e2300000, 0x00000000e2400000|  0%| F|  |TAMS 0x00000000e2300000| PB 0x00000000e2300000| Untracked 
|  36|0x00000000e2400000, 0x00000000e2400000, 0x00000000e2500000|  0%| F|  |TAMS 0x00000000e2400000| PB 0x00000000e2400000| Untracked 
|  37|0x00000000e2500000, 0x00000000e2500000, 0x00000000e2600000|  0%| F|  |TAMS 0x00000000e2500000| PB 0x00000000e2500000| Untracked 
|  38|0x00000000e2600000, 0x00000000e2600000, 0x00000000e2700000|  0%| F|  |TAMS 0x00000000e2600000| PB 0x00000000e2600000| Untracked 
|  39|0x00000000e2700000, 0x00000000e2700000, 0x00000000e2800000|  0%| F|  |TAMS 0x00000000e2700000| PB 0x00000000e2700000| Untracked 
|  40|0x00000000e2800000, 0x00000000e2800000, 0x00000000e2900000|  0%| F|  |TAMS 0x00000000e2800000| PB 0x00000000e2800000| Untracked 
|  41|0x00000000e2900000, 0x00000000e2900000, 0x00000000e2a00000|  0%| F|  |TAMS 0x00000000e2900000| PB 0x00000000e2900000| Untracked 
|  42|0x00000000e2a00000, 0x00000000e2a00000, 0x00000000e2b00000|  0%| F|  |TAMS 0x00000000e2a00000| PB 0x00000000e2a00000| Untracked 
|  43|0x00000000e2b00000, 0x00000000e2b00000, 0x00000000e2c00000|  0%| F|  |TAMS 0x00000000e2b00000| PB 0x00000000e2b00000| Untracked 
|  44|0x00000000e2c00000, 0x00000000e2c00000, 0x00000000e2d00000|  0%| F|  |TAMS 0x00000000e2c00000| PB 0x00000000e2c00000| Untracked 
|  45|0x00000000e2d00000, 0x00000000e2d00000, 0x00000000e2e00000|  0%| F|  |TAMS 0x00000000e2d00000| PB 0x00000000e2d00000| Untracked 
|  46|0x00000000e2e00000, 0x00000000e2e00000, 0x00000000e2f00000|  0%| F|  |TAMS 0x00000000e2e00000| PB 0x00000000e2e00000| Untracked 
|  47|0x00000000e2f00000, 0x00000000e2f00000, 0x00000000e3000000|  0%| F|  |TAMS 0x00000000e2f00000| PB 0x00000000e2f00000| Untracked 
|  48|0x00000000e3000000, 0x00000000e3000000, 0x00000000e3100000|  0%| F|  |TAMS 0x00000000e3000000| PB 0x00000000e3000000| Untracked 
|  49|0x00000000e3100000, 0x00000000e3100000, 0x00000000e3200000|  0%| F|  |TAMS 0x00000000e3100000| PB 0x00000000e3100000| Untracked 
|  50|0x00000000e3200000, 0x00000000e3200000, 0x00000000e3300000|  0%| F|  |TAMS 0x00000000e3200000| PB 0x00000000e3200000| Untracked 
|  51|0x00000000e3300000, 0x00000000e3300000, 0x00000000e3400000|  0%| F|  |TAMS 0x00000000e3300000| PB 0x00000000e3300000| Untracked 
|  52|0x00000000e3400000, 0x00000000e3400000, 0x00000000e3500000|  0%| F|  |TAMS 0x00000000e3400000| PB 0x00000000e3400000| Untracked 
|  53|0x00000000e3500000, 0x00000000e3500000, 0x00000000e3600000|  0%| F|  |TAMS 0x00000000e3500000| PB 0x00000000e3500000| Untracked 
|  54|0x00000000e3600000, 0x00000000e3600000, 0x00000000e3700000|  0%| F|  |TAMS 0x00000000e3600000| PB 0x00000000e3600000| Untracked 
|  55|0x00000000e3700000, 0x00000000e3700000, 0x00000000e3800000|  0%| F|  |TAMS 0x00000000e3700000| PB 0x00000000e3700000| Untracked 
|  56|0x00000000e3800000, 0x00000000e3800000, 0x00000000e3900000|  0%| F|  |TAMS 0x00000000e3800000| PB 0x00000000e3800000| Untracked 
|  57|0x00000000e3900000, 0x00000000e3900000, 0x00000000e3a00000|  0%| F|  |TAMS 0x00000000e3900000| PB 0x00000000e3900000| Untracked 
|  58|0x00000000e3a00000, 0x00000000e3a00000, 0x00000000e3b00000|  0%| F|  |TAMS 0x00000000e3a00000| PB 0x00000000e3a00000| Untracked 
|  59|0x00000000e3b00000, 0x00000000e3b00000, 0x00000000e3c00000|  0%| F|  |TAMS 0x00000000e3b00000| PB 0x00000000e3b00000| Untracked 
|  60|0x00000000e3c00000, 0x00000000e3c00000, 0x00000000e3d00000|  0%| F|  |TAMS 0x00000000e3c00000| PB 0x00000000e3c00000| Untracked 
|  61|0x00000000e3d00000, 0x00000000e3d00000, 0x00000000e3e00000|  0%| F|  |TAMS 0x00000000e3d00000| PB 0x00000000e3d00000| Untracked 
|  62|0x00000000e3e00000, 0x00000000e3e00000, 0x00000000e3f00000|  0%| F|  |TAMS 0x00000000e3e00000| PB 0x00000000e3e00000| Untracked 
|  63|0x00000000e3f00000, 0x00000000e3f00000, 0x00000000e4000000|  0%| F|  |TAMS 0x00000000e3f00000| PB 0x00000000e3f00000| Untracked 
|  64|0x00000000e4000000, 0x00000000e4000000, 0x00000000e4100000|  0%| F|  |TAMS 0x00000000e4000000| PB 0x00000000e4000000| Untracked 
|  65|0x00000000e4100000, 0x00000000e4100000, 0x00000000e4200000|  0%| F|  |TAMS 0x00000000e4100000| PB 0x00000000e4100000| Untracked 
|  66|0x00000000e4200000, 0x00000000e4200000, 0x00000000e4300000|  0%| F|  |TAMS 0x00000000e4200000| PB 0x00000000e4200000| Untracked 
|  67|0x00000000e4300000, 0x00000000e4300000, 0x00000000e4400000|  0%| F|  |TAMS 0x00000000e4300000| PB 0x00000000e4300000| Untracked 
|  68|0x00000000e4400000, 0x00000000e4400000, 0x00000000e4500000|  0%| F|  |TAMS 0x00000000e4400000| PB 0x00000000e4400000| Untracked 
|  69|0x00000000e4500000, 0x00000000e4500000, 0x00000000e4600000|  0%| F|  |TAMS 0x00000000e4500000| PB 0x00000000e4500000| Untracked 
|  70|0x00000000e4600000, 0x00000000e4600000, 0x00000000e4700000|  0%| F|  |TAMS 0x00000000e4600000| PB 0x00000000e4600000| Untracked 
|  71|0x00000000e4700000, 0x00000000e4700000, 0x00000000e4800000|  0%| F|  |TAMS 0x00000000e4700000| PB 0x00000000e4700000| Untracked 
|  72|0x00000000e4800000, 0x00000000e4800000, 0x00000000e4900000|  0%| F|  |TAMS 0x00000000e4800000| PB 0x00000000e4800000| Untracked 
|  73|0x00000000e4900000, 0x00000000e4900000, 0x00000000e4a00000|  0%| F|  |TAMS 0x00000000e4900000| PB 0x00000000e4900000| Untracked 
|  74|0x00000000e4a00000, 0x00000000e4a00000, 0x00000000e4b00000|  0%| F|  |TAMS 0x00000000e4a00000| PB 0x00000000e4a00000| Untracked 
|  75|0x00000000e4b00000, 0x00000000e4b00000, 0x00000000e4c00000|  0%| F|  |TAMS 0x00000000e4b00000| PB 0x00000000e4b00000| Untracked 
|  76|0x00000000e4c00000, 0x00000000e4c00000, 0x00000000e4d00000|  0%| F|  |TAMS 0x00000000e4c00000| PB 0x00000000e4c00000| Untracked 
|  77|0x00000000e4d00000, 0x00000000e4d00000, 0x00000000e4e00000|  0%| F|  |TAMS 0x00000000e4d00000| PB 0x00000000e4d00000| Untracked 
|  78|0x00000000e4e00000, 0x00000000e4e00000, 0x00000000e4f00000|  0%| F|  |TAMS 0x00000000e4e00000| PB 0x00000000e4e00000| Untracked 
|  79|0x00000000e4f00000, 0x00000000e4f00000, 0x00000000e5000000|  0%| F|  |TAMS 0x00000000e4f00000| PB 0x00000000e4f00000| Untracked 
|  80|0x00000000e5000000, 0x00000000e5000000, 0x00000000e5100000|  0%| F|  |TAMS 0x00000000e5000000| PB 0x00000000e5000000| Untracked 
|  81|0x00000000e5100000, 0x00000000e5100000, 0x00000000e5200000|  0%| F|  |TAMS 0x00000000e5100000| PB 0x00000000e5100000| Untracked 
|  82|0x00000000e5200000, 0x00000000e5200000, 0x00000000e5300000|  0%| F|  |TAMS 0x00000000e5200000| PB 0x00000000e5200000| Untracked 
|  83|0x00000000e5300000, 0x00000000e5300000, 0x00000000e5400000|  0%| F|  |TAMS 0x00000000e5300000| PB 0x00000000e5300000| Untracked 
|  84|0x00000000e5400000, 0x00000000e5400000, 0x00000000e5500000|  0%| F|  |TAMS 0x00000000e5400000| PB 0x00000000e5400000| Untracked 
|  85|0x00000000e5500000, 0x00000000e5500000, 0x00000000e5600000|  0%| F|  |TAMS 0x00000000e5500000| PB 0x00000000e5500000| Untracked 
|  86|0x00000000e5600000, 0x00000000e5600000, 0x00000000e5700000|  0%| F|  |TAMS 0x00000000e5600000| PB 0x00000000e5600000| Untracked 
|  87|0x00000000e5700000, 0x00000000e5700000, 0x00000000e5800000|  0%| F|  |TAMS 0x00000000e5700000| PB 0x00000000e5700000| Untracked 
|  88|0x00000000e5800000, 0x00000000e5800000, 0x00000000e5900000|  0%| F|  |TAMS 0x00000000e5800000| PB 0x00000000e5800000| Untracked 
|  89|0x00000000e5900000, 0x00000000e5900000, 0x00000000e5a00000|  0%| F|  |TAMS 0x00000000e5900000| PB 0x00000000e5900000| Untracked 
|  90|0x00000000e5a00000, 0x00000000e5a00000, 0x00000000e5b00000|  0%| F|  |TAMS 0x00000000e5a00000| PB 0x00000000e5a00000| Untracked 
|  91|0x00000000e5b00000, 0x00000000e5b00000, 0x00000000e5c00000|  0%| F|  |TAMS 0x00000000e5b00000| PB 0x00000000e5b00000| Untracked 
|  92|0x00000000e5c00000, 0x00000000e5c00000, 0x00000000e5d00000|  0%| F|  |TAMS 0x00000000e5c00000| PB 0x00000000e5c00000| Untracked 
|  93|0x00000000e5d00000, 0x00000000e5d00000, 0x00000000e5e00000|  0%| F|  |TAMS 0x00000000e5d00000| PB 0x00000000e5d00000| Untracked 
|  94|0x00000000e5e00000, 0x00000000e5e00000, 0x00000000e5f00000|  0%| F|  |TAMS 0x00000000e5e00000| PB 0x00000000e5e00000| Untracked 
|  95|0x00000000e5f00000, 0x00000000e5f00000, 0x00000000e6000000|  0%| F|  |TAMS 0x00000000e5f00000| PB 0x00000000e5f00000| Untracked 
|  96|0x00000000e6000000, 0x00000000e6000000, 0x00000000e6100000|  0%| F|  |TAMS 0x00000000e6000000| PB 0x00000000e6000000| Untracked 
|  97|0x00000000e6100000, 0x00000000e6100000, 0x00000000e6200000|  0%| F|  |TAMS 0x00000000e6100000| PB 0x00000000e6100000| Untracked 
|  98|0x00000000e6200000, 0x00000000e6200000, 0x00000000e6300000|  0%| F|  |TAMS 0x00000000e6200000| PB 0x00000000e6200000| Untracked 
|  99|0x00000000e6300000, 0x00000000e6300000, 0x00000000e6400000|  0%| F|  |TAMS 0x00000000e6300000| PB 0x00000000e6300000| Untracked 
| 100|0x00000000e6400000, 0x00000000e6400000, 0x00000000e6500000|  0%| F|  |TAMS 0x00000000e6400000| PB 0x00000000e6400000| Untracked 
| 101|0x00000000e6500000, 0x00000000e6500000, 0x00000000e6600000|  0%| F|  |TAMS 0x00000000e6500000| PB 0x00000000e6500000| Untracked 
| 102|0x00000000e6600000, 0x00000000e6600000, 0x00000000e6700000|  0%| F|  |TAMS 0x00000000e6600000| PB 0x00000000e6600000| Untracked 
| 103|0x00000000e6700000, 0x00000000e6700000, 0x00000000e6800000|  0%| F|  |TAMS 0x00000000e6700000| PB 0x00000000e6700000| Untracked 
| 104|0x00000000e6800000, 0x00000000e6800000, 0x00000000e6900000|  0%| F|  |TAMS 0x00000000e6800000| PB 0x00000000e6800000| Untracked 
| 105|0x00000000e6900000, 0x00000000e6900000, 0x00000000e6a00000|  0%| F|  |TAMS 0x00000000e6900000| PB 0x00000000e6900000| Untracked 
| 106|0x00000000e6a00000, 0x00000000e6a00000, 0x00000000e6b00000|  0%| F|  |TAMS 0x00000000e6a00000| PB 0x00000000e6a00000| Untracked 
| 107|0x00000000e6b00000, 0x00000000e6b00000, 0x00000000e6c00000|  0%| F|  |TAMS 0x00000000e6b00000| PB 0x00000000e6b00000| Untracked 
| 108|0x00000000e6c00000, 0x00000000e6c00000, 0x00000000e6d00000|  0%| F|  |TAMS 0x00000000e6c00000| PB 0x00000000e6c00000| Untracked 
| 109|0x00000000e6d00000, 0x00000000e6d00000, 0x00000000e6e00000|  0%| F|  |TAMS 0x00000000e6d00000| PB 0x00000000e6d00000| Untracked 
| 110|0x00000000e6e00000, 0x00000000e6e00000, 0x00000000e6f00000|  0%| F|  |TAMS 0x00000000e6e00000| PB 0x00000000e6e00000| Untracked 
| 111|0x00000000e6f00000, 0x00000000e6f00000, 0x00000000e7000000|  0%| F|  |TAMS 0x00000000e6f00000| PB 0x00000000e6f00000| Untracked 
| 112|0x00000000e7000000, 0x00000000e7000000, 0x00000000e7100000|  0%| F|  |TAMS 0x00000000e7000000| PB 0x00000000e7000000| Untracked 
| 113|0x00000000e7100000, 0x00000000e7100000, 0x00000000e7200000|  0%| F|  |TAMS 0x00000000e7100000| PB 0x00000000e7100000| Untracked 
| 114|0x00000000e7200000, 0x00000000e7200000, 0x00000000e7300000|  0%| F|  |TAMS 0x00000000e7200000| PB 0x00000000e7200000| Untracked 
| 115|0x00000000e7300000, 0x00000000e7300000, 0x00000000e7400000|  0%| F|  |TAMS 0x00000000e7300000| PB 0x00000000e7300000| Untracked 
| 116|0x00000000e7400000, 0x00000000e7400000, 0x00000000e7500000|  0%| F|  |TAMS 0x00000000e7400000| PB 0x00000000e7400000| Untracked 
| 117|0x00000000e7500000, 0x00000000e7500000, 0x00000000e7600000|  0%| F|  |TAMS 0x00000000e7500000| PB 0x00000000e7500000| Untracked 
| 118|0x00000000e7600000, 0x00000000e7600000, 0x00000000e7700000|  0%| F|  |TAMS 0x00000000e7600000| PB 0x00000000e7600000| Untracked 
| 119|0x00000000e7700000, 0x00000000e7700000, 0x00000000e7800000|  0%| F|  |TAMS 0x00000000e7700000| PB 0x00000000e7700000| Untracked 
| 120|0x00000000e7800000, 0x00000000e7800000, 0x00000000e7900000|  0%| F|  |TAMS 0x00000000e7800000| PB 0x00000000e7800000| Untracked 
| 121|0x00000000e7900000, 0x00000000e7900000, 0x00000000e7a00000|  0%| F|  |TAMS 0x00000000e7900000| PB 0x00000000e7900000| Untracked 
| 122|0x00000000e7a00000, 0x00000000e7a00000, 0x00000000e7b00000|  0%| F|  |TAMS 0x00000000e7a00000| PB 0x00000000e7a00000| Untracked 
| 123|0x00000000e7b00000, 0x00000000e7b00000, 0x00000000e7c00000|  0%| F|  |TAMS 0x00000000e7b00000| PB 0x00000000e7b00000| Untracked 
| 124|0x00000000e7c00000, 0x00000000e7c00000, 0x00000000e7d00000|  0%| F|  |TAMS 0x00000000e7c00000| PB 0x00000000e7c00000| Untracked 
| 125|0x00000000e7d00000, 0x00000000e7d00000, 0x00000000e7e00000|  0%| F|  |TAMS 0x00000000e7d00000| PB 0x00000000e7d00000| Untracked 
| 126|0x00000000e7e00000, 0x00000000e7e00000, 0x00000000e7f00000|  0%| F|  |TAMS 0x00000000e7e00000| PB 0x00000000e7e00000| Untracked 
| 127|0x00000000e7f00000, 0x00000000e7f00000, 0x00000000e8000000|  0%| F|  |TAMS 0x00000000e7f00000| PB 0x00000000e7f00000| Untracked 
| 128|0x00000000e8000000, 0x00000000e8000000, 0x00000000e8100000|  0%| F|  |TAMS 0x00000000e8000000| PB 0x00000000e8000000| Untracked 
| 129|0x00000000e8100000, 0x00000000e8100000, 0x00000000e8200000|  0%| F|  |TAMS 0x00000000e8100000| PB 0x00000000e8100000| Untracked 
| 130|0x00000000e8200000, 0x00000000e8200000, 0x00000000e8300000|  0%| F|  |TAMS 0x00000000e8200000| PB 0x00000000e8200000| Untracked 
| 131|0x00000000e8300000, 0x00000000e8300000, 0x00000000e8400000|  0%| F|  |TAMS 0x00000000e8300000| PB 0x00000000e8300000| Untracked 
| 132|0x00000000e8400000, 0x00000000e8400000, 0x00000000e8500000|  0%| F|  |TAMS 0x00000000e8400000| PB 0x00000000e8400000| Untracked 
| 133|0x00000000e8500000, 0x00000000e8500000, 0x00000000e8600000|  0%| F|  |TAMS 0x00000000e8500000| PB 0x00000000e8500000| Untracked 
| 134|0x00000000e8600000, 0x00000000e8600000, 0x00000000e8700000|  0%| F|  |TAMS 0x00000000e8600000| PB 0x00000000e8600000| Untracked 
| 135|0x00000000e8700000, 0x00000000e8700000, 0x00000000e8800000|  0%| F|  |TAMS 0x00000000e8700000| PB 0x00000000e8700000| Untracked 
| 136|0x00000000e8800000, 0x00000000e8800000, 0x00000000e8900000|  0%| F|  |TAMS 0x00000000e8800000| PB 0x00000000e8800000| Untracked 
| 137|0x00000000e8900000, 0x00000000e8900000, 0x00000000e8a00000|  0%| F|  |TAMS 0x00000000e8900000| PB 0x00000000e8900000| Untracked 
| 138|0x00000000e8a00000, 0x00000000e8a00000, 0x00000000e8b00000|  0%| F|  |TAMS 0x00000000e8a00000| PB 0x00000000e8a00000| Untracked 
| 139|0x00000000e8b00000, 0x00000000e8b00000, 0x00000000e8c00000|  0%| F|  |TAMS 0x00000000e8b00000| PB 0x00000000e8b00000| Untracked 
| 140|0x00000000e8c00000, 0x00000000e8c00000, 0x00000000e8d00000|  0%| F|  |TAMS 0x00000000e8c00000| PB 0x00000000e8c00000| Untracked 
| 141|0x00000000e8d00000, 0x00000000e8d00000, 0x00000000e8e00000|  0%| F|  |TAMS 0x00000000e8d00000| PB 0x00000000e8d00000| Untracked 
| 142|0x00000000e8e00000, 0x00000000e8e00000, 0x00000000e8f00000|  0%| F|  |TAMS 0x00000000e8e00000| PB 0x00000000e8e00000| Untracked 
| 143|0x00000000e8f00000, 0x00000000e8f00000, 0x00000000e9000000|  0%| F|  |TAMS 0x00000000e8f00000| PB 0x00000000e8f00000| Untracked 
| 144|0x00000000e9000000, 0x00000000e9000000, 0x00000000e9100000|  0%| F|  |TAMS 0x00000000e9000000| PB 0x00000000e9000000| Untracked 
| 145|0x00000000e9100000, 0x00000000e9100000, 0x00000000e9200000|  0%| F|  |TAMS 0x00000000e9100000| PB 0x00000000e9100000| Untracked 
| 146|0x00000000e9200000, 0x00000000e9200000, 0x00000000e9300000|  0%| F|  |TAMS 0x00000000e9200000| PB 0x00000000e9200000| Untracked 
| 147|0x00000000e9300000, 0x00000000e9300000, 0x00000000e9400000|  0%| F|  |TAMS 0x00000000e9300000| PB 0x00000000e9300000| Untracked 
| 148|0x00000000e9400000, 0x00000000e9400000, 0x00000000e9500000|  0%| F|  |TAMS 0x00000000e9400000| PB 0x00000000e9400000| Untracked 
| 149|0x00000000e9500000, 0x00000000e9500000, 0x00000000e9600000|  0%| F|  |TAMS 0x00000000e9500000| PB 0x00000000e9500000| Untracked 
| 150|0x00000000e9600000, 0x00000000e9600000, 0x00000000e9700000|  0%| F|  |TAMS 0x00000000e9600000| PB 0x00000000e9600000| Untracked 
| 151|0x00000000e9700000, 0x00000000e9700000, 0x00000000e9800000|  0%| F|  |TAMS 0x00000000e9700000| PB 0x00000000e9700000| Untracked 
| 152|0x00000000e9800000, 0x00000000e9800000, 0x00000000e9900000|  0%| F|  |TAMS 0x00000000e9800000| PB 0x00000000e9800000| Untracked 
| 153|0x00000000e9900000, 0x00000000e9900000, 0x00000000e9a00000|  0%| F|  |TAMS 0x00000000e9900000| PB 0x00000000e9900000| Untracked 
| 154|0x00000000e9a00000, 0x00000000e9a00000, 0x00000000e9b00000|  0%| F|  |TAMS 0x00000000e9a00000| PB 0x00000000e9a00000| Untracked 
| 155|0x00000000e9b00000, 0x00000000e9b00000, 0x00000000e9c00000|  0%| F|  |TAMS 0x00000000e9b00000| PB 0x00000000e9b00000| Untracked 
| 156|0x00000000e9c00000, 0x00000000e9c00000, 0x00000000e9d00000|  0%| F|  |TAMS 0x00000000e9c00000| PB 0x00000000e9c00000| Untracked 
| 157|0x00000000e9d00000, 0x00000000e9d00000, 0x00000000e9e00000|  0%| F|  |TAMS 0x00000000e9d00000| PB 0x00000000e9d00000| Untracked 
| 158|0x00000000e9e00000, 0x00000000e9e00000, 0x00000000e9f00000|  0%| F|  |TAMS 0x00000000e9e00000| PB 0x00000000e9e00000| Untracked 
| 159|0x00000000e9f00000, 0x00000000e9f00000, 0x00000000ea000000|  0%| F|  |TAMS 0x00000000e9f00000| PB 0x00000000e9f00000| Untracked 
| 160|0x00000000ea000000, 0x00000000ea000000, 0x00000000ea100000|  0%| F|  |TAMS 0x00000000ea000000| PB 0x00000000ea000000| Untracked 
| 161|0x00000000ea100000, 0x00000000ea100000, 0x00000000ea200000|  0%| F|  |TAMS 0x00000000ea100000| PB 0x00000000ea100000| Untracked 
| 162|0x00000000ea200000, 0x00000000ea200000, 0x00000000ea300000|  0%| F|  |TAMS 0x00000000ea200000| PB 0x00000000ea200000| Untracked 
| 163|0x00000000ea300000, 0x00000000ea300000, 0x00000000ea400000|  0%| F|  |TAMS 0x00000000ea300000| PB 0x00000000ea300000| Untracked 
| 164|0x00000000ea400000, 0x00000000ea400000, 0x00000000ea500000|  0%| F|  |TAMS 0x00000000ea400000| PB 0x00000000ea400000| Untracked 
| 165|0x00000000ea500000, 0x00000000ea500000, 0x00000000ea600000|  0%| F|  |TAMS 0x00000000ea500000| PB 0x00000000ea500000| Untracked 
| 166|0x00000000ea600000, 0x00000000ea600000, 0x00000000ea700000|  0%| F|  |TAMS 0x00000000ea600000| PB 0x00000000ea600000| Untracked 
| 167|0x00000000ea700000, 0x00000000ea700000, 0x00000000ea800000|  0%| F|  |TAMS 0x00000000ea700000| PB 0x00000000ea700000| Untracked 
| 168|0x00000000ea800000, 0x00000000ea800000, 0x00000000ea900000|  0%| F|  |TAMS 0x00000000ea800000| PB 0x00000000ea800000| Untracked 
| 169|0x00000000ea900000, 0x00000000ea900000, 0x00000000eaa00000|  0%| F|  |TAMS 0x00000000ea900000| PB 0x00000000ea900000| Untracked 
| 170|0x00000000eaa00000, 0x00000000eaa00000, 0x00000000eab00000|  0%| F|  |TAMS 0x00000000eaa00000| PB 0x00000000eaa00000| Untracked 
| 171|0x00000000eab00000, 0x00000000eab00000, 0x00000000eac00000|  0%| F|  |TAMS 0x00000000eab00000| PB 0x00000000eab00000| Untracked 
| 172|0x00000000eac00000, 0x00000000eac00000, 0x00000000ead00000|  0%| F|  |TAMS 0x00000000eac00000| PB 0x00000000eac00000| Untracked 
| 173|0x00000000ead00000, 0x00000000ead00000, 0x00000000eae00000|  0%| F|  |TAMS 0x00000000ead00000| PB 0x00000000ead00000| Untracked 
| 174|0x00000000eae00000, 0x00000000eae00000, 0x00000000eaf00000|  0%| F|  |TAMS 0x00000000eae00000| PB 0x00000000eae00000| Untracked 
| 175|0x00000000eaf00000, 0x00000000eaf00000, 0x00000000eb000000|  0%| F|  |TAMS 0x00000000eaf00000| PB 0x00000000eaf00000| Untracked 
| 176|0x00000000eb000000, 0x00000000eb000000, 0x00000000eb100000|  0%| F|  |TAMS 0x00000000eb000000| PB 0x00000000eb000000| Untracked 
| 177|0x00000000eb100000, 0x00000000eb100000, 0x00000000eb200000|  0%| F|  |TAMS 0x00000000eb100000| PB 0x00000000eb100000| Untracked 
| 178|0x00000000eb200000, 0x00000000eb200000, 0x00000000eb300000|  0%| F|  |TAMS 0x00000000eb200000| PB 0x00000000eb200000| Untracked 
| 179|0x00000000eb300000, 0x00000000eb300000, 0x00000000eb400000|  0%| F|  |TAMS 0x00000000eb300000| PB 0x00000000eb300000| Untracked 
| 180|0x00000000eb400000, 0x00000000eb400000, 0x00000000eb500000|  0%| F|  |TAMS 0x00000000eb400000| PB 0x00000000eb400000| Untracked 
| 181|0x00000000eb500000, 0x00000000eb500000, 0x00000000eb600000|  0%| F|  |TAMS 0x00000000eb500000| PB 0x00000000eb500000| Untracked 
| 182|0x00000000eb600000, 0x00000000eb600000, 0x00000000eb700000|  0%| F|  |TAMS 0x00000000eb600000| PB 0x00000000eb600000| Untracked 
| 183|0x00000000eb700000, 0x00000000eb700000, 0x00000000eb800000|  0%| F|  |TAMS 0x00000000eb700000| PB 0x00000000eb700000| Untracked 
| 184|0x00000000eb800000, 0x00000000eb800000, 0x00000000eb900000|  0%| F|  |TAMS 0x00000000eb800000| PB 0x00000000eb800000| Untracked 
| 185|0x00000000eb900000, 0x00000000eb900000, 0x00000000eba00000|  0%| F|  |TAMS 0x00000000eb900000| PB 0x00000000eb900000| Untracked 
| 186|0x00000000eba00000, 0x00000000eba00000, 0x00000000ebb00000|  0%| F|  |TAMS 0x00000000eba00000| PB 0x00000000eba00000| Untracked 
| 187|0x00000000ebb00000, 0x00000000ebb00000, 0x00000000ebc00000|  0%| F|  |TAMS 0x00000000ebb00000| PB 0x00000000ebb00000| Untracked 
| 188|0x00000000ebc00000, 0x00000000ebc00000, 0x00000000ebd00000|  0%| F|  |TAMS 0x00000000ebc00000| PB 0x00000000ebc00000| Untracked 
| 189|0x00000000ebd00000, 0x00000000ebd00000, 0x00000000ebe00000|  0%| F|  |TAMS 0x00000000ebd00000| PB 0x00000000ebd00000| Untracked 
| 190|0x00000000ebe00000, 0x00000000ebe00000, 0x00000000ebf00000|  0%| F|  |TAMS 0x00000000ebe00000| PB 0x00000000ebe00000| Untracked 
| 191|0x00000000ebf00000, 0x00000000ebf00000, 0x00000000ec000000|  0%| F|  |TAMS 0x00000000ebf00000| PB 0x00000000ebf00000| Untracked 
| 192|0x00000000ec000000, 0x00000000ec000000, 0x00000000ec100000|  0%| F|  |TAMS 0x00000000ec000000| PB 0x00000000ec000000| Untracked 
| 193|0x00000000ec100000, 0x00000000ec100000, 0x00000000ec200000|  0%| F|  |TAMS 0x00000000ec100000| PB 0x00000000ec100000| Untracked 
| 194|0x00000000ec200000, 0x00000000ec200000, 0x00000000ec300000|  0%| F|  |TAMS 0x00000000ec200000| PB 0x00000000ec200000| Untracked 
| 195|0x00000000ec300000, 0x00000000ec300000, 0x00000000ec400000|  0%| F|  |TAMS 0x00000000ec300000| PB 0x00000000ec300000| Untracked 
| 196|0x00000000ec400000, 0x00000000ec400000, 0x00000000ec500000|  0%| F|  |TAMS 0x00000000ec400000| PB 0x00000000ec400000| Untracked 
| 197|0x00000000ec500000, 0x00000000ec500000, 0x00000000ec600000|  0%| F|  |TAMS 0x00000000ec500000| PB 0x00000000ec500000| Untracked 
| 198|0x00000000ec600000, 0x00000000ec600000, 0x00000000ec700000|  0%| F|  |TAMS 0x00000000ec600000| PB 0x00000000ec600000| Untracked 
| 199|0x00000000ec700000, 0x00000000ec700000, 0x00000000ec800000|  0%| F|  |TAMS 0x00000000ec700000| PB 0x00000000ec700000| Untracked 
| 200|0x00000000ec800000, 0x00000000ec800000, 0x00000000ec900000|  0%| F|  |TAMS 0x00000000ec800000| PB 0x00000000ec800000| Untracked 
| 201|0x00000000ec900000, 0x00000000ec900000, 0x00000000eca00000|  0%| F|  |TAMS 0x00000000ec900000| PB 0x00000000ec900000| Untracked 
| 202|0x00000000eca00000, 0x00000000eca00000, 0x00000000ecb00000|  0%| F|  |TAMS 0x00000000eca00000| PB 0x00000000eca00000| Untracked 
| 203|0x00000000ecb00000, 0x00000000ecb00000, 0x00000000ecc00000|  0%| F|  |TAMS 0x00000000ecb00000| PB 0x00000000ecb00000| Untracked 
| 204|0x00000000ecc00000, 0x00000000ecc00000, 0x00000000ecd00000|  0%| F|  |TAMS 0x00000000ecc00000| PB 0x00000000ecc00000| Untracked 
| 205|0x00000000ecd00000, 0x00000000ecd00000, 0x00000000ece00000|  0%| F|  |TAMS 0x00000000ecd00000| PB 0x00000000ecd00000| Untracked 
| 206|0x00000000ece00000, 0x00000000ece00000, 0x00000000ecf00000|  0%| F|  |TAMS 0x00000000ece00000| PB 0x00000000ece00000| Untracked 
| 207|0x00000000ecf00000, 0x00000000ecf00000, 0x00000000ed000000|  0%| F|  |TAMS 0x00000000ecf00000| PB 0x00000000ecf00000| Untracked 
| 208|0x00000000ed000000, 0x00000000ed000000, 0x00000000ed100000|  0%| F|  |TAMS 0x00000000ed000000| PB 0x00000000ed000000| Untracked 
| 209|0x00000000ed100000, 0x00000000ed100000, 0x00000000ed200000|  0%| F|  |TAMS 0x00000000ed100000| PB 0x00000000ed100000| Untracked 
| 210|0x00000000ed200000, 0x00000000ed200000, 0x00000000ed300000|  0%| F|  |TAMS 0x00000000ed200000| PB 0x00000000ed200000| Untracked 
| 211|0x00000000ed300000, 0x00000000ed300000, 0x00000000ed400000|  0%| F|  |TAMS 0x00000000ed300000| PB 0x00000000ed300000| Untracked 
| 212|0x00000000ed400000, 0x00000000ed400000, 0x00000000ed500000|  0%| F|  |TAMS 0x00000000ed400000| PB 0x00000000ed400000| Untracked 
| 213|0x00000000ed500000, 0x00000000ed500000, 0x00000000ed600000|  0%| F|  |TAMS 0x00000000ed500000| PB 0x00000000ed500000| Untracked 
| 214|0x00000000ed600000, 0x00000000ed600000, 0x00000000ed700000|  0%| F|  |TAMS 0x00000000ed600000| PB 0x00000000ed600000| Untracked 
| 215|0x00000000ed700000, 0x00000000ed700000, 0x00000000ed800000|  0%| F|  |TAMS 0x00000000ed700000| PB 0x00000000ed700000| Untracked 
| 216|0x00000000ed800000, 0x00000000ed800000, 0x00000000ed900000|  0%| F|  |TAMS 0x00000000ed800000| PB 0x00000000ed800000| Untracked 
| 217|0x00000000ed900000, 0x00000000ed900000, 0x00000000eda00000|  0%| F|  |TAMS 0x00000000ed900000| PB 0x00000000ed900000| Untracked 
| 218|0x00000000eda00000, 0x00000000eda00000, 0x00000000edb00000|  0%| F|  |TAMS 0x00000000eda00000| PB 0x00000000eda00000| Untracked 
| 219|0x00000000edb00000, 0x00000000edb00000, 0x00000000edc00000|  0%| F|  |TAMS 0x00000000edb00000| PB 0x00000000edb00000| Untracked 
| 220|0x00000000edc00000, 0x00000000edc00000, 0x00000000edd00000|  0%| F|  |TAMS 0x00000000edc00000| PB 0x00000000edc00000| Untracked 
| 221|0x00000000edd00000, 0x00000000edd00000, 0x00000000ede00000|  0%| F|  |TAMS 0x00000000edd00000| PB 0x00000000edd00000| Untracked 
| 222|0x00000000ede00000, 0x00000000ede00000, 0x00000000edf00000|  0%| F|  |TAMS 0x00000000ede00000| PB 0x00000000ede00000| Untracked 
| 223|0x00000000edf00000, 0x00000000edf00000, 0x00000000ee000000|  0%| F|  |TAMS 0x00000000edf00000| PB 0x00000000edf00000| Untracked 
| 224|0x00000000ee000000, 0x00000000ee000000, 0x00000000ee100000|  0%| F|  |TAMS 0x00000000ee000000| PB 0x00000000ee000000| Untracked 
| 225|0x00000000ee100000, 0x00000000ee100000, 0x00000000ee200000|  0%| F|  |TAMS 0x00000000ee100000| PB 0x00000000ee100000| Untracked 
| 226|0x00000000ee200000, 0x00000000ee300000, 0x00000000ee300000|100%| S|CS|TAMS 0x00000000ee200000| PB 0x00000000ee200000| Complete 
| 227|0x00000000ee300000, 0x00000000ee400000, 0x00000000ee400000|100%| S|CS|TAMS 0x00000000ee300000| PB 0x00000000ee300000| Complete 
| 228|0x00000000ee400000, 0x00000000ee500000, 0x00000000ee500000|100%| S|CS|TAMS 0x00000000ee400000| PB 0x00000000ee400000| Complete 
| 229|0x00000000ee500000, 0x00000000ee500000, 0x00000000ee600000|  0%| F|  |TAMS 0x00000000ee500000| PB 0x00000000ee500000| Untracked 
| 230|0x00000000ee600000, 0x00000000ee6c6900, 0x00000000ee700000| 77%| E|  |TAMS 0x00000000ee600000| PB 0x00000000ee600000| Complete 
| 231|0x00000000ee700000, 0x00000000ee800000, 0x00000000ee800000|100%| E|CS|TAMS 0x00000000ee700000| PB 0x00000000ee700000| Complete 
| 232|0x00000000ee800000, 0x00000000ee900000, 0x00000000ee900000|100%| E|CS|TAMS 0x00000000ee800000| PB 0x00000000ee800000| Complete 
| 233|0x00000000ee900000, 0x00000000eea00000, 0x00000000eea00000|100%| E|CS|TAMS 0x00000000ee900000| PB 0x00000000ee900000| Complete 
| 234|0x00000000eea00000, 0x00000000eeb00000, 0x00000000eeb00000|100%| E|CS|TAMS 0x00000000eea00000| PB 0x00000000eea00000| Complete 
| 235|0x00000000eeb00000, 0x00000000eec00000, 0x00000000eec00000|100%| E|CS|TAMS 0x00000000eeb00000| PB 0x00000000eeb00000| Complete 
| 236|0x00000000eec00000, 0x00000000eed00000, 0x00000000eed00000|100%| E|CS|TAMS 0x00000000eec00000| PB 0x00000000eec00000| Complete 
| 237|0x00000000eed00000, 0x00000000eee00000, 0x00000000eee00000|100%| E|CS|TAMS 0x00000000eed00000| PB 0x00000000eed00000| Complete 
| 238|0x00000000eee00000, 0x00000000eef00000, 0x00000000eef00000|100%| E|CS|TAMS 0x00000000eee00000| PB 0x00000000eee00000| Complete 
| 239|0x00000000eef00000, 0x00000000ef000000, 0x00000000ef000000|100%| E|CS|TAMS 0x00000000eef00000| PB 0x00000000eef00000| Complete 
| 240|0x00000000ef000000, 0x00000000ef100000, 0x00000000ef100000|100%| E|CS|TAMS 0x00000000ef000000| PB 0x00000000ef000000| Complete 
| 241|0x00000000ef100000, 0x00000000ef200000, 0x00000000ef200000|100%| E|CS|TAMS 0x00000000ef100000| PB 0x00000000ef100000| Complete 
| 242|0x00000000ef200000, 0x00000000ef300000, 0x00000000ef300000|100%| E|CS|TAMS 0x00000000ef200000| PB 0x00000000ef200000| Complete 
| 243|0x00000000ef300000, 0x00000000ef400000, 0x00000000ef400000|100%| E|CS|TAMS 0x00000000ef300000| PB 0x00000000ef300000| Complete 
| 244|0x00000000ef400000, 0x00000000ef500000, 0x00000000ef500000|100%| E|CS|TAMS 0x00000000ef400000| PB 0x00000000ef400000| Complete 
| 245|0x00000000ef500000, 0x00000000ef600000, 0x00000000ef600000|100%| E|CS|TAMS 0x00000000ef500000| PB 0x00000000ef500000| Complete 
| 246|0x00000000ef600000, 0x00000000ef700000, 0x00000000ef700000|100%| E|CS|TAMS 0x00000000ef600000| PB 0x00000000ef600000| Complete 
| 247|0x00000000ef700000, 0x00000000ef800000, 0x00000000ef800000|100%| E|CS|TAMS 0x00000000ef700000| PB 0x00000000ef700000| Complete 
| 248|0x00000000ef800000, 0x00000000ef900000, 0x00000000ef900000|100%| E|CS|TAMS 0x00000000ef800000| PB 0x00000000ef800000| Complete 
| 249|0x00000000ef900000, 0x00000000efa00000, 0x00000000efa00000|100%| E|CS|TAMS 0x00000000ef900000| PB 0x00000000ef900000| Complete 
| 250|0x00000000efa00000, 0x00000000efb00000, 0x00000000efb00000|100%| E|CS|TAMS 0x00000000efa00000| PB 0x00000000efa00000| Complete 
| 251|0x00000000efb00000, 0x00000000efc00000, 0x00000000efc00000|100%| E|CS|TAMS 0x00000000efb00000| PB 0x00000000efb00000| Complete 

Card table byte_map: [0x000001ea44850000,0x000001ea44950000] _byte_map_base: 0x000001ea44150000

Marking Bits: (CMBitMap*) 0x000001ea2cb5e410
 Bits: [0x000001ea44950000, 0x000001ea45150000)

Polling page: 0x000001ea2c2c0000

Metaspace:

Usage:
  Non-class:      9.77 MB used.
      Class:      1.53 MB used.
       Both:     11.30 MB used.

Virtual space:
  Non-class space:       64.00 MB reserved,       9.94 MB ( 16%) committed,  1 nodes.
      Class space:        1.00 GB reserved,       1.69 MB ( <1%) committed,  1 nodes.
             Both:        1.06 GB reserved,      11.62 MB (  1%) committed. 

Chunk freelists:
   Non-Class:  5.39 MB
       Class:  14.36 MB
        Both:  19.75 MB

MaxMetaspaceSize: unlimited
CompressedClassSpaceSize: 1.00 GB
Initial GC threshold: 21.00 MB
Current GC threshold: 21.00 MB
CDS: on
 - commit_granule_bytes: 65536.
 - commit_granule_words: 8192.
 - virtual_space_node_default_size: 8388608.
 - enlarge_chunks_in_place: 1.
 - use_allocation_guard: 0.


Internal statistics:

num_allocs_failed_limit: 0.
num_arena_births: 256.
num_arena_deaths: 0.
num_vsnodes_births: 2.
num_vsnodes_deaths: 0.
num_space_committed: 186.
num_space_uncommitted: 0.
num_chunks_returned_to_freelist: 0.
num_chunks_taken_from_freelist: 623.
num_chunk_merges: 0.
num_chunk_splits: 376.
num_chunks_enlarged: 252.
num_inconsistent_stats: 0.

CodeHeap 'non-profiled nmethods': size=120000Kb used=762Kb max_used=762Kb free=119237Kb
 bounds [0x000001ea3ccd0000, 0x000001ea3cf40000, 0x000001ea44200000]
CodeHeap 'profiled nmethods': size=120000Kb used=3931Kb max_used=3931Kb free=116068Kb
 bounds [0x000001ea35200000, 0x000001ea355e0000, 0x000001ea3c730000]
CodeHeap 'non-nmethods': size=5760Kb used=1399Kb max_used=1423Kb free=4360Kb
 bounds [0x000001ea3c730000, 0x000001ea3c9a0000, 0x000001ea3ccd0000]
 total_blobs=2458 nmethods=1960 adapters=403
 compilation: enabled
              stopped_count=0, restarted_count=0
 full_count=0

Compilation events (20 events):
Event: 1.013 Thread 0x000001ea8d031570 nmethod 1915 0x000001ea355c3b90 code [0x000001ea355c3de0, 0x000001ea355c4468]
Event: 1.013 Thread 0x000001ea8d031570 1918       3       org.springframework.util.StringUtils::hasLength (17 bytes)
Event: 1.013 Thread 0x000001ea8d031570 nmethod 1918 0x000001ea355c4690 code [0x000001ea355c4840, 0x000001ea355c4a80]
Event: 1.013 Thread 0x000001ea8d031570 1919       3       java.util.Spliterator::getExactSizeIfKnown (25 bytes)
Event: 1.013 Thread 0x000001ea8d031570 nmethod 1919 0x000001ea355c4b90 code [0x000001ea355c4d60, 0x000001ea355c5058]
Event: 1.013 Thread 0x000001ea8d031570 1921       3       java.util.stream.AbstractPipeline::wrapSink (37 bytes)
Event: 1.013 Thread 0x000001ea8d031570 nmethod 1921 0x000001ea355c5110 code [0x000001ea355c52e0, 0x000001ea355c56f0]
Event: 1.014 Thread 0x000001ea8d031570 1920       3       java.util.stream.AbstractPipeline::sourceSpliterator (265 bytes)
Event: 1.014 Thread 0x000001ea8d031570 nmethod 1920 0x000001ea355c5890 code [0x000001ea355c5b20, 0x000001ea355c68c8]
Event: 1.014 Thread 0x000001ea8d031570 1923       3       java.util.LinkedHashMap::afterNodeInsertion (40 bytes)
Event: 1.015 Thread 0x000001ea8d031570 nmethod 1923 0x000001ea355c6d90 code [0x000001ea355c6f80, 0x000001ea355c73f8]
Event: 1.015 Thread 0x000001ea8d031570 1922       3       java.util.stream.AbstractPipeline::wrapAndCopyInto (18 bytes)
Event: 1.015 Thread 0x000001ea8d031570 nmethod 1922 0x000001ea355c7590 code [0x000001ea355c7780, 0x000001ea355c7b90]
Event: 1.015 Thread 0x000001ea8d031570 1924       3       java.util.stream.Sink$ChainedReference::<init> (16 bytes)
Event: 1.015 Thread 0x000001ea8d031570 nmethod 1924 0x000001ea355c7d10 code [0x000001ea355c7ee0, 0x000001ea355c8310]
Event: 1.031 Thread 0x000001ea8d031570 1925       3       java.lang.invoke.ClassSpecializer$SpeciesData::fieldCount (10 bytes)
Event: 1.031 Thread 0x000001ea8d031570 nmethod 1925 0x000001ea355c8490 code [0x000001ea355c8640, 0x000001ea355c8818]
Event: 1.031 Thread 0x000001ea8d031570 1926       3       java.lang.invoke.MethodHandleImpl$IntrinsicMethodHandle::<init> (25 bytes)
Event: 1.032 Thread 0x000001ea8d031570 nmethod 1926 0x000001ea355c8910 code [0x000001ea355c8b00, 0x000001ea355c9138]
Event: 1.033 Thread 0x000001ea8d02d5d0 1927   !   4       java.net.URL::<init> (543 bytes)

GC Heap History (2 events):
Event: 0.646 GC heap before
{Heap before GC invocations=0 (full 0):
 garbage-first heap   total 258048K, used 24576K [0x00000000e0000000, 0x0000000100000000)
  region size 1024K, 23 young (23552K), 0 survivors (0K)
 Metaspace       used 6165K, committed 6400K, reserved 1114112K
  class space    used 772K, committed 896K, reserved 1048576K
}
Event: 0.651 GC heap after
{Heap after GC invocations=1 (full 0):
 garbage-first heap   total 258048K, used 8792K [0x00000000e0000000, 0x0000000100000000)
  region size 1024K, 3 young (3072K), 3 survivors (3072K)
 Metaspace       used 6165K, committed 6400K, reserved 1114112K
  class space    used 772K, committed 896K, reserved 1048576K
}

Dll operation events (9 events):
Event: 0.004 Loaded shared library C:\Users\sahma\.jdks\corretto-21.0.2\bin\java.dll
Event: 0.028 Loaded shared library C:\Users\sahma\.jdks\corretto-21.0.2\bin\jsvml.dll
Event: 0.072 Loaded shared library C:\Users\sahma\.jdks\corretto-21.0.2\bin\net.dll
Event: 0.074 Loaded shared library C:\Users\sahma\.jdks\corretto-21.0.2\bin\nio.dll
Event: 0.076 Loaded shared library C:\Users\sahma\.jdks\corretto-21.0.2\bin\zip.dll
Event: 0.151 Loaded shared library C:\Users\sahma\.jdks\corretto-21.0.2\bin\verify.dll
Event: 0.157 Loaded shared library C:\Users\sahma\.jdks\corretto-21.0.2\bin\jimage.dll
Event: 0.427 Loaded shared library C:\Users\sahma\.jdks\corretto-21.0.2\bin\extnet.dll
Event: 0.520 Loaded shared library C:\Users\sahma\.jdks\corretto-21.0.2\bin\sunmscapi.dll

Deoptimization events (20 events):
Event: 0.948 Thread 0x000001ea2cb354c0 DEOPT PACKING pc=0x000001ea3cd70320 sp=0x000000ab20afab00
Event: 0.948 Thread 0x000001ea2cb354c0 DEOPT UNPACKING pc=0x000001ea3c7846a2 sp=0x000000ab20afaa90 mode 2
Event: 0.948 Thread 0x000001ea2cb354c0 Uncommon trap: trap_request=0xffffff45 fr.pc=0x000001ea3cd70a38 relative=0x0000000000000198
Event: 0.948 Thread 0x000001ea2cb354c0 Uncommon trap: reason=unstable_if action=reinterpret pc=0x000001ea3cd70a38 method=java.lang.CharacterDataLatin1.equalsIgnoreCase(BB)Z @ 54 c2
Event: 0.948 Thread 0x000001ea2cb354c0 DEOPT PACKING pc=0x000001ea3cd70a38 sp=0x000000ab20afab50
Event: 0.948 Thread 0x000001ea2cb354c0 DEOPT UNPACKING pc=0x000001ea3c7846a2 sp=0x000000ab20afaa70 mode 2
Event: 0.949 Thread 0x000001ea2cb354c0 Uncommon trap: trap_request=0xffffff6e fr.pc=0x000001ea3cd37d80 relative=0x0000000000000440
Event: 0.949 Thread 0x000001ea2cb354c0 Uncommon trap: reason=loop_limit_check action=maybe_recompile pc=0x000001ea3cd37d80 method=java.lang.StringLatin1.indexOf([BI[BII)I @ 37 c2
Event: 0.949 Thread 0x000001ea2cb354c0 DEOPT PACKING pc=0x000001ea3cd37d80 sp=0x000000ab20afab00
Event: 0.949 Thread 0x000001ea2cb354c0 DEOPT UNPACKING pc=0x000001ea3c7846a2 sp=0x000000ab20afaa60 mode 2
Event: 0.952 Thread 0x000001ea2cb354c0 Uncommon trap: trap_request=0xffffff6e fr.pc=0x000001ea3cceabfc relative=0x000000000000015c
Event: 0.952 Thread 0x000001ea2cb354c0 Uncommon trap: reason=loop_limit_check action=maybe_recompile pc=0x000001ea3cceabfc method=java.lang.StringLatin1.lastIndexOf([BII)I @ 19 c2
Event: 0.952 Thread 0x000001ea2cb354c0 DEOPT PACKING pc=0x000001ea3cceabfc sp=0x000000ab20afabb0
Event: 0.952 Thread 0x000001ea2cb354c0 DEOPT UNPACKING pc=0x000001ea3c7846a2 sp=0x000000ab20afab30 mode 2
Event: 0.965 Thread 0x000001ea2cb354c0 DEOPT PACKING pc=0x000001ea3558f0e2 sp=0x000000ab20afb560
Event: 0.965 Thread 0x000001ea2cb354c0 DEOPT UNPACKING pc=0x000001ea3c784e42 sp=0x000000ab20afaa70 mode 0
Event: 0.971 Thread 0x000001ea2cb354c0 DEOPT PACKING pc=0x000001ea3559e383 sp=0x000000ab20af77b0
Event: 0.971 Thread 0x000001ea2cb354c0 DEOPT UNPACKING pc=0x000001ea3c784e42 sp=0x000000ab20af6cb8 mode 0
Event: 1.025 Thread 0x000001ea2cb354c0 DEOPT PACKING pc=0x000001ea3559e383 sp=0x000000ab20afa780
Event: 1.025 Thread 0x000001ea2cb354c0 DEOPT UNPACKING pc=0x000001ea3c784e42 sp=0x000000ab20af9c88 mode 0

Classes loaded (20 events):
Event: 1.009 Loading class java/nio/file/FileSystemException done
Event: 1.009 Loading class java/nio/file/NoSuchFileException done
Event: 1.009 Loading class java/io/UncheckedIOException
Event: 1.009 Loading class java/io/UncheckedIOException done
Event: 1.009 Loading class java/net/HttpURLConnection
Event: 1.010 Loading class java/net/HttpURLConnection done
Event: 1.014 Loading class java/util/ImmutableCollections$Access
Event: 1.014 Loading class java/util/ImmutableCollections$Access done
Event: 1.014 Loading class java/util/ImmutableCollections$Access$1
Event: 1.014 Loading class jdk/internal/access/JavaUtilCollectionAccess
Event: 1.014 Loading class jdk/internal/access/JavaUtilCollectionAccess done
Event: 1.014 Loading class java/util/ImmutableCollections$Access$1 done
Event: 1.020 Loading class java/util/concurrent/atomic/AtomicLongArray
Event: 1.020 Loading class java/util/concurrent/atomic/AtomicLongArray done
Event: 1.020 Loading class java/lang/invoke/VarHandleLongs$Array
Event: 1.020 Loading class java/lang/invoke/VarHandleLongs$Array done
Event: 1.020 Loading class java/util/concurrent/atomic/AtomicReferenceArray
Event: 1.020 Loading class java/util/concurrent/atomic/AtomicReferenceArray done
Event: 1.020 Loading class java/lang/invoke/VarHandleReferences$Array
Event: 1.020 Loading class java/lang/invoke/VarHandleReferences$Array done

Classes unloaded (0 events):
No events

Classes redefined (0 events):
No events

Internal exceptions (20 events):
Event: 0.800 Thread 0x000001ea2cb354c0 Exception <a 'java/lang/NoSuchMethodError'{0x00000000ef3559e8}: 'int java.lang.invoke.DirectMethodHandle$Holder.invokeSpecial(java.lang.Object, java.lang.Object, java.lang.Object, java.lang.Object)'> (0x00000000ef3559e8) 
thrown [s\src\hotspot\share\interpreter\linkResolver.cpp, line 773]
Event: 0.801 Thread 0x000001ea2cb354c0 Exception <a 'java/lang/NoSuchMethodError'{0x00000000ef364f10}: 'int java.lang.invoke.DirectMethodHandle$Holder.invokeInterface(java.lang.Object, java.lang.Object)'> (0x00000000ef364f10) 
thrown [s\src\hotspot\share\interpreter\linkResolver.cpp, line 773]
Event: 0.802 Thread 0x000001ea2cb354c0 Exception <a 'java/lang/IncompatibleClassChangeError'{0x00000000ef3681c0}: Found class java.lang.Object, but interface was expected> (0x00000000ef3681c0) 
thrown [s\src\hotspot\share\interpreter\linkResolver.cpp, line 840]
Event: 0.802 Thread 0x000001ea2cb354c0 Exception <a 'java/lang/IncompatibleClassChangeError'{0x00000000ef36ab68}: Found class java.lang.Object, but interface was expected> (0x00000000ef36ab68) 
thrown [s\src\hotspot\share\interpreter\linkResolver.cpp, line 840]
Event: 0.803 Thread 0x000001ea2cb354c0 Exception <a 'java/lang/NoSuchMethodError'{0x00000000ef3736d0}: 'java.lang.Object java.lang.invoke.DirectMethodHandle$Holder.newInvokeSpecial(java.lang.Object, long, long, java.lang.Object)'> (0x00000000ef3736d0) 
thrown [s\src\hotspot\share\interpreter\linkResolver.cpp, line 773]
Event: 0.809 Thread 0x000001ea2cb354c0 Exception <a 'java/lang/NoSuchMethodError'{0x00000000ef3bfd18}: 'void java.lang.invoke.DirectMethodHandle$Holder.invokeInterface(java.lang.Object, java.lang.Object, java.lang.Object, java.lang.Object)'> (0x00000000ef3bfd18) 
thrown [s\src\hotspot\share\interpreter\linkResolver.cpp, line 773]
Event: 0.809 Thread 0x000001ea2cb354c0 Exception <a 'java/lang/IncompatibleClassChangeError'{0x00000000ef3c3610}: Found class java.lang.Object, but interface was expected> (0x00000000ef3c3610) 
thrown [s\src\hotspot\share\interpreter\linkResolver.cpp, line 840]
Event: 0.811 Thread 0x000001ea2cb354c0 Exception <a 'java/lang/NoSuchMethodError'{0x00000000ef3e6e48}: 'void java.lang.invoke.DirectMethodHandle$Holder.invokeStatic(java.lang.Object, java.lang.Object, java.lang.Object, java.lang.Object)'> (0x00000000ef3e6e48) 
thrown [s\src\hotspot\share\interpreter\linkResolver.cpp, line 773]
Event: 0.816 Thread 0x000001ea2cb354c0 Exception <a 'java/lang/NoSuchMethodError'{0x00000000ef2373b0}: 'void java.lang.invoke.DirectMethodHandle$Holder.invokeStaticInit(java.lang.Object, java.lang.Object)'> (0x00000000ef2373b0) 
thrown [s\src\hotspot\share\interpreter\linkResolver.cpp, line 773]
Event: 0.818 Thread 0x000001ea2cb354c0 Exception <a 'java/lang/NoSuchMethodError'{0x00000000ef255e20}: 'java.lang.Object java.lang.invoke.DirectMethodHandle$Holder.invokeStaticInit(java.lang.Object, java.lang.Object, java.lang.Object, java.lang.Object)'> (0x00000000ef255e20) 
thrown [s\src\hotspot\share\interpreter\linkResolver.cpp, line 773]
Event: 0.831 Thread 0x000001ea2cb354c0 Exception <a 'java/lang/IncompatibleClassChangeError'{0x00000000ef134e18}: Found class java.lang.Object, but interface was expected> (0x00000000ef134e18) 
thrown [s\src\hotspot\share\interpreter\linkResolver.cpp, line 840]
Event: 0.832 Thread 0x000001ea2cb354c0 Exception <a 'java/lang/IncompatibleClassChangeError'{0x00000000ef14d158}: Found class java.lang.Object, but interface was expected> (0x00000000ef14d158) 
thrown [s\src\hotspot\share\interpreter\linkResolver.cpp, line 840]
Event: 0.844 Thread 0x000001ea2cb354c0 Exception <a 'java/lang/NoSuchMethodError'{0x00000000ef022868}: 'int java.lang.invoke.DirectMethodHandle$Holder.invokeStatic(java.lang.Object, java.lang.Object, java.lang.Object, java.lang.Object)'> (0x00000000ef022868) 
thrown [s\src\hotspot\share\interpreter\linkResolver.cpp, line 773]
Event: 0.844 Thread 0x000001ea2cb354c0 Exception <a 'java/lang/NoSuchMethodError'{0x00000000ef025ee8}: 'java.lang.Object java.lang.invoke.Invokers$Holder.invokeExact_MT(java.lang.Object, java.lang.Object, java.lang.Object, java.lang.Object, java.lang.Object, java.lang.Object)'> (0x00000000ef025ee8) 
thrown [s\src\hotspot\share\interpreter\linkResolver.cpp, line 773]
Event: 0.845 Thread 0x000001ea2cb354c0 Exception <a 'java/lang/NoSuchMethodError'{0x00000000ef0337d0}: 'int java.lang.invoke.DirectMethodHandle$Holder.invokeStatic(java.lang.Object, java.lang.Object, java.lang.Object, java.lang.Object, java.lang.Object)'> (0x00000000ef0337d0) 
thrown [s\src\hotspot\share\interpreter\linkResolver.cpp, line 773]
Event: 0.852 Thread 0x000001ea2cb354c0 Exception <a 'java/lang/NoSuchMethodError'{0x00000000ef0763c0}: 'void java.lang.invoke.DirectMethodHandle$Holder.invokeStaticInit(java.lang.Object)'> (0x00000000ef0763c0) 
thrown [s\src\hotspot\share\interpreter\linkResolver.cpp, line 773]
Event: 0.893 Thread 0x000001ea2cb354c0 Exception <a 'java/lang/NoSuchMethodError'{0x00000000eee8ff50}: 'java.lang.Object java.lang.invoke.DirectMethodHandle$Holder.newInvokeSpecial(java.lang.Object, java.lang.Object, int)'> (0x00000000eee8ff50) 
thrown [s\src\hotspot\share\interpreter\linkResolver.cpp, line 773]
Event: 0.955 Thread 0x000001ea2cb354c0 Exception <a 'java/lang/ClassNotFoundException'{0x00000000eeb466b0}: javax/smartcardio/CardPermission> (0x00000000eeb466b0) 
thrown [s\src\hotspot\share\classfile\systemDictionary.cpp, line 312]
Event: 0.957 Thread 0x000001ea2cb354c0 Exception <a 'java/io/FileNotFoundException'{0x00000000eeb555b8}> (0x00000000eeb555b8) 
thrown [s\src\hotspot\share\prims\jni.cpp, line 520]
Event: 1.030 Thread 0x000001ea2cb354c0 Exception <a 'java/lang/NoSuchMethodError'{0x00000000ee7af658}: 'int java.lang.invoke.DirectMethodHandle$Holder.invokeStaticInit(java.lang.Object, java.lang.Object, java.lang.Object)'> (0x00000000ee7af658) 
thrown [s\src\hotspot\share\interpreter\linkResolver.cpp, line 773]

ZGC Phase Switch (0 events):
No events

VM Operations (20 events):
Event: 0.587 Executing VM operation: HandshakeAllThreads (Deoptimize)
Event: 0.587 Executing VM operation: HandshakeAllThreads (Deoptimize) done
Event: 0.587 Executing VM operation: HandshakeAllThreads (Deoptimize)
Event: 0.587 Executing VM operation: HandshakeAllThreads (Deoptimize) done
Event: 0.634 Executing VM operation: HandshakeAllThreads (Deoptimize)
Event: 0.634 Executing VM operation: HandshakeAllThreads (Deoptimize) done
Event: 0.645 Executing VM operation: G1CollectForAllocation (G1 Evacuation Pause)
Event: 0.651 Executing VM operation: G1CollectForAllocation (G1 Evacuation Pause) done
Event: 0.740 Executing VM operation: HandshakeAllThreads (Deoptimize)
Event: 0.740 Executing VM operation: HandshakeAllThreads (Deoptimize) done
Event: 0.797 Executing VM operation: HandshakeAllThreads (Deoptimize)
Event: 0.797 Executing VM operation: HandshakeAllThreads (Deoptimize) done
Event: 0.838 Executing VM operation: HandshakeAllThreads (Deoptimize)
Event: 0.838 Executing VM operation: HandshakeAllThreads (Deoptimize) done
Event: 0.927 Executing VM operation: HandshakeAllThreads (Deoptimize)
Event: 0.927 Executing VM operation: HandshakeAllThreads (Deoptimize) done
Event: 1.003 Executing VM operation: HandshakeAllThreads (Deoptimize)
Event: 1.003 Executing VM operation: HandshakeAllThreads (Deoptimize) done
Event: 1.014 Executing VM operation: ICBufferFull
Event: 1.014 Executing VM operation: ICBufferFull done

Events (16 events):
Event: 0.016 Thread 0x000001ea2cb354c0 Thread added: 0x000001ea2cb354c0
Event: 0.025 Thread 0x000001ea8d0124d0 Thread added: 0x000001ea8d0124d0
Event: 0.025 Thread 0x000001ea8d013130 Thread added: 0x000001ea8d013130
Event: 0.025 Thread 0x000001ea8d016100 Thread added: 0x000001ea8d016100
Event: 0.025 Thread 0x000001ea8d019310 Thread added: 0x000001ea8d019310
Event: 0.025 Thread 0x000001ea8d01cae0 Thread added: 0x000001ea8d01cae0
Event: 0.025 Thread 0x000001ea8d028070 Thread added: 0x000001ea8d028070
Event: 0.025 Thread 0x000001ea8d02d5d0 Thread added: 0x000001ea8d02d5d0
Event: 0.025 Thread 0x000001ea8d031570 Thread added: 0x000001ea8d031570
Event: 0.068 Thread 0x000001ea8d1b5d60 Thread added: 0x000001ea8d1b5d60
Event: 0.070 Thread 0x000001ea8d1c37c0 Thread added: 0x000001ea8d1c37c0
Event: 0.086 Thread 0x000001ea8d1de960 Thread added: 0x000001ea8d1de960
Event: 0.086 Thread 0x000001ea8d1df010 Thread added: 0x000001ea8d1df010
Event: 0.483 Thread 0x000001ea8dae7160 Thread added: 0x000001ea8dae7160
Event: 0.562 Thread 0x000001ea8dd64210 Thread added: 0x000001ea8dd64210
Event: 0.562 Thread 0x000001ea8dd63600 Thread added: 0x000001ea8dd63600


Dynamic libraries:
0x00007ff7977c0000 - 0x00007ff7977ce000 	C:\Users\sahma\.jdks\corretto-21.0.2\bin\java.exe
0x00007ff8b5640000 - 0x00007ff8b58a3000 	C:\WINDOWS\SYSTEM32\ntdll.dll
0x00007ff8b38b0000 - 0x00007ff8b3977000 	C:\WINDOWS\System32\KERNEL32.DLL
0x00007ff8b2c90000 - 0x00007ff8b3057000 	C:\WINDOWS\System32\KERNELBASE.dll
0x00007ff8b2aa0000 - 0x00007ff8b2bec000 	C:\WINDOWS\System32\ucrtbase.dll
0x00007ff881a50000 - 0x00007ff881a68000 	C:\Users\sahma\.jdks\corretto-21.0.2\bin\jli.dll
0x00007ff892860000 - 0x00007ff89287b000 	C:\Users\sahma\.jdks\corretto-21.0.2\bin\VCRUNTIME140.dll
0x00007ff8b3630000 - 0x00007ff8b37f9000 	C:\WINDOWS\System32\USER32.dll
0x00007ff8b33a0000 - 0x00007ff8b33c7000 	C:\WINDOWS\System32\win32u.dll
0x00007ff8b35f0000 - 0x00007ff8b361a000 	C:\WINDOWS\System32\GDI32.dll
0x00007ff8b1bc0000 - 0x00007ff8b1e50000 	C:\WINDOWS\WinSxS\amd64_microsoft.windows.common-controls_6595b64144ccf1df_6.0.26100.3037_none_3e09262ce333c378\COMCTL32.dll
0x00007ff8b3060000 - 0x00007ff8b318b000 	C:\WINDOWS\System32\gdi32full.dll
0x00007ff8b3800000 - 0x00007ff8b38a9000 	C:\WINDOWS\System32\msvcrt.dll
0x00007ff8b33d0000 - 0x00007ff8b3473000 	C:\WINDOWS\System32\msvcp_win.dll
0x00007ff8b5020000 - 0x00007ff8b504f000 	C:\WINDOWS\System32\IMM32.DLL
0x00007ff8a10f0000 - 0x00007ff8a10fc000 	C:\Users\sahma\.jdks\corretto-21.0.2\bin\vcruntime140_1.dll
0x00007ff864d50000 - 0x00007ff864ddd000 	C:\Users\sahma\.jdks\corretto-21.0.2\bin\msvcp140.dll
0x00007ff841010000 - 0x00007ff841da0000 	C:\Users\sahma\.jdks\corretto-21.0.2\bin\server\jvm.dll
0x00007ff8b3480000 - 0x00007ff8b3534000 	C:\WINDOWS\System32\ADVAPI32.dll
0x00007ff8b3540000 - 0x00007ff8b35e6000 	C:\WINDOWS\System32\sechost.dll
0x00007ff8b39a0000 - 0x00007ff8b3ab6000 	C:\WINDOWS\System32\RPCRT4.dll
0x00007ff8b5170000 - 0x00007ff8b51e4000 	C:\WINDOWS\System32\WS2_32.dll
0x00007ff8a8dd0000 - 0x00007ff8a8e06000 	C:\WINDOWS\SYSTEM32\WINMM.dll
0x00007ff8b2870000 - 0x00007ff8b28be000 	C:\WINDOWS\SYSTEM32\POWRPROF.dll
0x00007ff892430000 - 0x00007ff89243b000 	C:\WINDOWS\SYSTEM32\VERSION.dll
0x00007ff8b2850000 - 0x00007ff8b2864000 	C:\WINDOWS\SYSTEM32\UMPDC.dll
0x00007ff8b0e70000 - 0x00007ff8b0e8a000 	C:\WINDOWS\SYSTEM32\kernel.appcore.dll
0x00007ff8a1070000 - 0x00007ff8a107a000 	C:\Users\sahma\.jdks\corretto-21.0.2\bin\jimage.dll
0x00007ff8b21a0000 - 0x00007ff8b23e1000 	C:\WINDOWS\SYSTEM32\DBGHELP.DLL
0x00007ff8b4290000 - 0x00007ff8b460e000 	C:\WINDOWS\System32\combase.dll
0x00007ff8b4f30000 - 0x00007ff8b5006000 	C:\WINDOWS\System32\OLEAUT32.dll
0x00007ff8b2060000 - 0x00007ff8b2099000 	C:\WINDOWS\SYSTEM32\dbgcore.DLL
0x00007ff8b2bf0000 - 0x00007ff8b2c89000 	C:\WINDOWS\System32\bcryptPrimitives.dll
0x00007ff881840000 - 0x00007ff88185f000 	C:\Users\sahma\.jdks\corretto-21.0.2\bin\java.dll
0x00007ff8b47a0000 - 0x00007ff8b4ea4000 	C:\WINDOWS\System32\SHELL32.dll
0x00007ff8afc60000 - 0x00007ff8b0497000 	C:\WINDOWS\SYSTEM32\windows.storage.dll
0x00007ff8b4620000 - 0x00007ff8b4709000 	C:\WINDOWS\System32\SHCORE.dll
0x00007ff8b5060000 - 0x00007ff8b50bd000 	C:\WINDOWS\System32\shlwapi.dll
0x00007ff8b28f0000 - 0x00007ff8b291e000 	C:\WINDOWS\SYSTEM32\profapi.dll
0x00007ff8644c0000 - 0x00007ff864597000 	C:\Users\sahma\.jdks\corretto-21.0.2\bin\jsvml.dll
0x00007ff8a0f70000 - 0x00007ff8a0f80000 	C:\Users\sahma\.jdks\corretto-21.0.2\bin\net.dll
0x00007ff8aa720000 - 0x00007ff8aa83e000 	C:\WINDOWS\SYSTEM32\WINHTTP.dll
0x00007ff8b1390000 - 0x00007ff8b13fa000 	C:\WINDOWS\system32\mswsock.dll
0x00007ff87bc70000 - 0x00007ff87bc86000 	C:\Users\sahma\.jdks\corretto-21.0.2\bin\nio.dll
0x00007ff879b50000 - 0x00007ff879b68000 	C:\Users\sahma\.jdks\corretto-21.0.2\bin\zip.dll
0x00007ff894620000 - 0x00007ff894630000 	C:\Users\sahma\.jdks\corretto-21.0.2\bin\verify.dll
0x00007ff8a0e60000 - 0x00007ff8a0e69000 	C:\Users\sahma\.jdks\corretto-21.0.2\bin\extnet.dll
0x00007ff893ab0000 - 0x00007ff893abe000 	C:\Users\sahma\.jdks\corretto-21.0.2\bin\sunmscapi.dll
0x00007ff8b3220000 - 0x00007ff8b3396000 	C:\WINDOWS\System32\CRYPT32.dll
0x00007ff8b1a80000 - 0x00007ff8b1ab0000 	C:\WINDOWS\SYSTEM32\ncrypt.dll
0x00007ff8b1a30000 - 0x00007ff8b1a6f000 	C:\WINDOWS\SYSTEM32\NTASN1.dll
0x00007ff879450000 - 0x00007ff879458000 	C:\WINDOWS\system32\wshunix.dll
0x00007ff8b2510000 - 0x00007ff8b252c000 	C:\WINDOWS\SYSTEM32\CRYPTSP.dll
0x00007ff8b10a0000 - 0x00007ff8b10d8000 	C:\WINDOWS\system32\rsaenh.dll
0x00007ff8b1790000 - 0x00007ff8b17bb000 	C:\WINDOWS\SYSTEM32\USERENV.dll
0x00007ff8b20a0000 - 0x00007ff8b20c6000 	C:\WINDOWS\SYSTEM32\bcrypt.dll
0x00007ff8b18d0000 - 0x00007ff8b18dc000 	C:\WINDOWS\SYSTEM32\CRYPTBASE.dll
0x00007ff8b0970000 - 0x00007ff8b09a2000 	C:\WINDOWS\SYSTEM32\IPHLPAPI.DLL
0x00007ff8b3ac0000 - 0x00007ff8b3aca000 	C:\WINDOWS\System32\NSI.dll

dbghelp: loaded successfully - version: 4.0.5 - missing functions: none
symbol engine: initialized successfully - sym options: 0x614 - pdb path: .;C:\Users\sahma\.jdks\corretto-21.0.2\bin;C:\WINDOWS\SYSTEM32;C:\WINDOWS\WinSxS\amd64_microsoft.windows.common-controls_6595b64144ccf1df_6.0.26100.3037_none_3e09262ce333c378;C:\Users\sahma\.jdks\corretto-21.0.2\bin\server

VM Arguments:
jvm_args: -Dorg.gradle.internal.worker.tmpdir=C:\Users\sahma\Downloads\sde_homeworks\demo\build\tmp\test\work -XX:+EnableDynamicAgentLoading -Xmx512m -Dfile.encoding=windows-1252 -Duser.country=US -Duser.language=en -Duser.variant -ea 
java_command: worker.org.gradle.process.internal.worker.GradleWorkerMain 'Gradle Test Executor 11'
java_class_path (initial): C:\\Users\\sahma\\.gradle\\caches\\8.12.1\\workerMain\\gradle-worker.jar;C:\\Users\\sahma\\Downloads\\sde_homeworks\\demo\\build\\classes\\java\\test;C:\\Users\\sahma\\Downloads\\sde_homeworks\\demo\\build\\resources\\test;C:\\Users\\sahma\\Downloads\\sde_homeworks\\demo\\build\\classes\\java\\main;C:\\Users\\sahma\\Downloads\\sde_homeworks\\demo\\build\\resources\\main;C:\\Users\\sahma\\.gradle\\caches\\modules-2\\files-2.1\\org.springframework.boot\\spring-boot-starter-thymeleaf\\3.1.2\\177cb8b744ae3556d79e01121e3d1b34b29c0178\\spring-boot-starter-thymeleaf-3.1.2.jar;C:\\Users\\sahma\\.gradle\\caches\\modules-2\\files-2.1\\org.springframework.boot\\spring-boot-starter-web\\3.1.2\\30b824817e764a5a5a1e9fb46e7ace40bcfa3185\\spring-boot-starter-web-3.1.2.jar;C:\\Users\\sahma\\.gradle\\caches\\modules-2\\files-2.1\\org.springframework.boot\\spring-boot-starter-data-jpa\\3.1.2\\a37d54373b11d2de70dfb8bcd6612dc63787f4a8\\spring-boot-starter-data-jpa-3.1.2.jar;C:\\Users\\sahma\\.gradle\\caches\\modules-2\\files-2.1\\org.springframework.boot\\spring-boot-starter-test\\3.1.2\\6968c60dd2f03d294135148dae9c6bec7c7a7c9a\\spring-boot-starter-test-3.1.2.jar;C:\\Users\\sahma\\.gradle\\caches\\modules-2\\files-2.1\\com.h2database\\h2\\2.1.214\\d5c2005c9e3279201e12d4776c948578b16bf8b2\\h2-2.1.214.jar;C:\\Users\\sahma\\.gradle\\caches\\modules-2\\files-2.1\\net.jqwik\\jqwik\\1.8.0\\bd74eba4d54b13eeb64b7338a51346a1deafb3f6\\jqwik-1.8.0.jar;C:\\Users\\sahma\\.gradle\\caches\\modules-2\\files-2.1\\org.junit.jupiter\\junit-jupiter\\5.9.3\\72e840501e1550e9799c9a5cc9483d7d6b29e0ba\\junit-jupiter-5.9.3.jar;C:\\Users\\sahma\\.gradle\\caches\\modules-2\\files-2.1\\net.jqwik\\jqwik-engine\\1.8.0\\a128fc3c29369af181e902a047a3c4065cf609ff\\jqwik-engine-1.8.0.jar;C:\\Users\\sahma\\.gradle\\caches\\modules-2\\files-2.1\\org.junit.jupiter\\junit-jupiter-engine\\5.9.3\\355322b03bf39306a183162cd06626c206f0286b\\junit-jupiter-engine-5.9.3.jar;C:\\Users\\sahma\\.gradle\\caches\\modules-2\\files-2.1\\org.junit.platform\\junit-platform-engine\\1.9.3\\8616734a190f8d307376aeb7353dba0a2c037a09\\junit-platform-engine-1.9.3.jar;C:\\Users\\sahma\\.gradle\\caches\\modules-2\\files-2.1\\org.mockito\\mockito-junit-jupiter\\5.3.1\\d6ac0f6d54addf02def4ba1213f73a15ae6c2308\\mockito-junit-jupiter-5.3.1.jar;C:\\Users\\sahma\\.gradle\\caches\\modules-2\\files-2.1\\org.junit.jupiter\\junit-jupiter-params\\5.9.3\\9e2a4bf6016a1975f408a73523392875cff7c26f\\junit-jupiter-params-5.9.3.jar;C:\\Users\\sahma\\.gradle\\caches\\modules-2\\files-2.1\\org.junit.jupiter\\junit-jupiter-api\\5.9.3\\815818ad6ffcc8d320d8fbdf3d748c753cf83201\\junit-jupiter-api-5.9.3.jar;C:\\Users\\sahma\\.gradle\\caches\\modules-2\\files-2.1\\net.jqwik\\jqwik-web\\1.8.0\\86c067332b3741c17fabb59baa20168688a90f22\\jqwik-web-1.8.0.jar;C:\\Users\\sahma\\.gradle\\caches\\modules-2\\files-2.1\\net.jqwik\\jqwik-time\\1.8.0\\9b772c7bf251a69fe16eb24d75f1b13d900c5434\\jqwik-time-1.8.0.jar;C:\\Users\\sahma\\.gradle\\caches\\modules-2\\files-2.1\\net.jqwik\\jqwik-api\\1.8.0\\54bcd6872ccc9b4728e8e99e0584e0284f65b76f\\jqwik-api-1.8.0.jar;C:\\Users\\sahma\\.gradle\\caches\\modules-2\\files-2.1\\org.junit.platform\\junit-platform-commons\\1.9.3\\36b2e26a90c41603be7f0094bee80e3f8a2cd4d4\\junit-platform-commons-1.9.3.jar;C:\\Users\\sahma\\.gradle\\caches\\modules-2\\files-2.1\\org.junit.platform\\junit-platform-launcher\\1.9.3\\485650bfe2a2f39b606a6ca013285afda2eaee79\\junit-platform-launcher-1.9.3.jar;C:\\Users\\sahma\\.gradle\\caches\\modules-2\\files-2.1\\org.springframework.boot\\spring-boot-starter-json\\3.1.2\\c48d521879dbbcebe1a99f47257612968e022f5b\\spring-boot-starter-json-3.1.2.jar;C:\\Users\\sahma\\.gradle\\caches\\modules-2\\files-2.1\\org.springframework.boot\\spring-boot-starter-aop\\3.1.2\\e882bf8c8853807a8e69cce9465ec12233fb5437\\spring-boot-starter-aop-3.1.2.jar;C:\\Users\\sahma\\.gradle\\caches\\modules-2\\files-2.1\\org.springframework.boot\\spring-boot-starter-jdbc\\3.1.2\\e864f6a34d620e7e698c115881ea23b08f7125e9\\spring-boot-starter-jdbc-3.1.2.jar;C:\\Users\\sahma\\.gradle\\caches\\modules-2\\files-2.1\\org.springframework.boot\\spring-boot-starter\\3.1.2\\c09a48df6fbc2b07b7aef1256b45260a3478b49f\\spring-boot-starter-3.1.2.jar;C:\\Users\\sahma\\.gradle\\caches\\modules-2\\files-2.1\\org.thymeleaf\\thymeleaf-spring6\\3.1.1.RELEASE\\deb52ef921a4ac5132fedb7ebfc2bc1dad4382b3\\thymeleaf-spring6-3.1.1.RELEASE.jar;C:\\Users\\sahma\\.gradle\\caches\\modules-2\\files-2.1\\org.springframework.boot\\spring-boot-starter-tomcat\\3.1.2\\2e7284f8ecf2989e1a6ffc7faf964eccb309bfd4\\spring-boot-starter-tomcat-3.1.2.jar;C:\\Users\\sahma\\.gradle\\caches\\modules-2\\files-2.1\\org.springframework\\spring-webmvc\\6.0.11\\892b4a63b5d930c2c43058c6db0c2c65401fb078\\spring-webmvc-6.0.11.jar;C:\\Users\\sahma\\.gradle\\caches\\modules-2\\files-2.1\\org.springframework\\spring-web\\6.0.11\\c32a7bf6b88b83bac6aa63866fcf208892640446\\spring-web-6.0.11.jar;C:\\Users\\sahma\\.gradle\\caches\\modules-2\\files-2.1\\org.hibernate.orm\\hibernate-core\\6.2.6.Final\\9c4586a4a2dc721439ee454d5c858c1235b6ecba\\hibernate-core-6.2.6.Final.jar;C:\\Users\\sahma\\.gradle\\caches\\modules-2\\files-2.1\\org.springframework.data\\spring-data-jpa\\3.1.2\\e9507688bc27006a5fb9ae4d13c1a5685354eb4a\\spring-data-jpa-3.1.2.jar;C:\\Users\\sahma\\.gradle\\caches\\modules-2\\files-2.1\\org.springframework\\spring-aspects\\6.0.11\\7b6fcc5d4f06c36c332b7a122dca863163a127d4\\spring-aspects-6.0.11.jar;C:\\Users\\sahma\\.gradle\\caches\\modules-2\\files-2.1\\com.mysql\\mysql-connector-j\\8.0.33\\9e64d997873abc4318620264703d3fdb6b02dd5a\\mysql-connector-j-8.0.33.jar;C:\\Users\\sahma\\.gradle\\caches\\modules-2\\files-2.1\\org.springframework.boot\\spring-boot-test-autoconfigure\\3.1.2\\7fd503dd5b65c61e1faf4c22977399b5d57aa330\\spring-boot-test-autoconfigure-3.1.2.jar;C:\\Users\\sahma\\.gradle\\caches\\modules-2\\files-2.1\\org.springframework.boot\\spring-boot-test\\3.1.2\\ff8b17d9729e2c87d6fc61fea662048958f5dd02\\spring-boot-test-3.1.2.jar;C:\\Users\\sahma\\.gradle\\caches\\modules-2\\files-2.1\\com.jayway.jsonpath\\json-path\\2.8.0\\b4ab3b7a9e425655a0ca65487bbbd6d7ddb75160\\json-path-2.8.0.jar;C:\\Users\\sahma\\.gradle\\caches\\modules-2\\files-2.1\\org.glassfish.jaxb\\jaxb-runtime\\4.0.3\\93af25be25b2c92c83e0ce61cb8b3ed23568f316\\jaxb-runtime-4.0.3.jar;C:\\Users\\sahma\\.gradle\\caches\\modules-2\\files-2.1\\org.glassfish.jaxb\\jaxb-core\\4.0.3\\e9093b4a82069a1d78ee9a3233ca387bca88861f\\jaxb-core-4.0.3.jar;C:\\Users\\sahma\\.gradle\\caches\\modules-2\\files-2.1\\jakarta.xml.bind\\jakarta.xml.bind-api\\4.0.0\\bbb399208d288b15ec101fa4fcfc4bd77cedc97a\\jakarta.xml.bind-api-4.0.0.jar;C:\\Users\\sahma\\.gradle\\caches\\modules-2\\files-2.1\\net.minidev\\json-smart\\2.4.11\\cc5888f14a5768f254b97bafe8b9fd29b31e872e\\json-smart-2.4.11.jar;C:\\Users\\sahma\\.gradle\\caches\\modules-2\\files-2.1\\org.assertj\\assertj-core\\3.24.2\\ebbf338e33f893139459ce5df023115971c2786f\\assertj-core-3.24.2.jar;C:\\Users\\sahma\\.gradle\\caches\\modules-2\\files-2.1\\org.hamcrest\\hamcrest\\2.2\\1820c0968dba3a11a1b30669bb1f01978a91dedc\\hamcrest-2.2.jar;C:\\Users\\sahma\\.gradle\\caches\\modules-2\\files-2.1\\org.mockito\\mockito-core\\5.3.1\\7cac313592a29ae5e29c52c22b15c3ae5ab561b2\\mockito-core-5.3.1.jar;C:\\Users\\sahma\\.gradle\\caches\\modules-2\\files-2.1\\org.skyscreamer\\jsonassert\\1.5.1\\6d842d0faf4cf6725c509a5e5347d319ee0431c3\\jsonassert-1.5.1.jar;C:\\Users\\sahma\\.gradle\\caches\\modules-2\\files-2.1\\org.springframework\\spring-test\\6.0.11\\790b335f9ce529272d99101a0861a7434fdfbd6\\spring-test-6.0.11.jar;C:\\Users\\sahma\\.gradle\\caches\\modules-2\\files-2.1\\org.springframework.boot\\spring-boot-autoconfigure\\3.1.2\\ea294976f925441fc1d5a5414d5d31717f06aa3c\\spring-boot-autoconfigure-3.1.2.jar;C:\\Users\\sahma\\.gradle\\caches\\modules-2\\files-2.1\\org.springframework.boot\\spring-boot\\3.1.2\\3cf070561716277ec91ebadc07362dd0b4a9f63f\\spring-boot-3.1.2.jar;C:\\Users\\sahma\\.gradle\\caches\\modules-2\\files-2.1\\org.springframework\\spring-context\\6.0.11\\a7b10f3d3c1492bfc4e6d7c966cd2e21f4d441f5\\spring-context-6.0.11.jar;C:\\Users\\sahma\\.gradle\\caches\\modules-2\\files-2.1\\org.springframework\\spring-aop\\6.0.11\\15b85c825558fadb85e3c77779d7225ce7e4a7bc\\spring-aop-6.0.11.jar;C:\\Users\\sahma\\.gradle\\caches\\modules-2\\files-2.1\\org.springframework\\spring-orm\\6.0.11\\dde0c5f956052c8c3865e95202dd35b7437b2c6f\\spring-orm-6.0.11.jar;C:\\Users\\sahma\\.gradle\\caches\\modules-2\\files-2.1\\org.springframework\\spring-jdbc\\6.0.11\\dc495b5cb8052f044fd29aa68bb2231b1895b8f4\\spring-jdbc-6.0.11.jar;C:\\Users\\sahma\\.gradle\\caches\\modules-2\\files-2.1\\org.springframework.data\\spring-data-commons\\3.1.2\\cf75c8a2a11d24df5bdb4d796d4b449bab3bed07\\spring-data-commons-3.1.2.jar;C:\\Users\\sahma\\.gradle\\caches\\modules-2\\files-2.1\\org.springframework\\spring-tx\\6.0.11\\59cd03d2ba6968ade8c192b4d6488efb48ec36f\\spring-tx-6.0.11.jar;C:\\Users\\sahma\\.gradle\\caches\\modules-2\\files-2.1\\org.springframework\\spring-beans\\6.0.11\\8513efc6e94b407b5cd85f69eeec511f1ef34164\\spring-beans-6.0.11.jar;C:\\Users\\sahma\\.gradle\\caches\\modules-2\\files-2.1\\org.springframework\\spring-expression\\6.0.11\\1d0940120a275719c3988c592068f4acf807fe59\\spring-expression-6.0.11.jar;C:\\Users\\sahma\\.gradle\\caches\\modules-2\\files-2.1\\org.springframework\\spring-core\\6.0.11\\87834b5cf95c6fa28f5bdf8a85e0daf0bff918a8\\spring-core-6.0.11.jar;C:\\Users\\sahma\\.gradle\\caches\\modules-2\\files-2.1\\org.xmlunit\\xmlunit-core\\2.9.1\\e5833662d9a1279a37da3ef6f62a1da29fcd68c4\\xmlunit-core-2.9.1.jar;C:\\Users\\sahma\\.gradle\\caches\\modules-2\\files-2.1\\org.apiguardian\\apiguardian-api\\1.1.2\\a231e0d844d2721b0fa1b238006d15c6ded6842a\\apiguardian-api-1.1.2.jar;C:\\Users\\sahma\\.gradle\\caches\\modules-2\\files-2.1\\org.springframework.boot\\spring-boot-starter-logging\\3.1.2\\4e47bd132fdd0d60ad57d70bdc99198b182166ee\\spring-boot-starter-logging-3.1.2.jar;C:\\Users\\sahma\\.gradle\\caches\\modules-2\\files-2.1\\jakarta.annotation\\jakarta.annotation-api\\2.1.1\\48b9bda22b091b1f48b13af03fe36db3be6e1ae3\\jakarta.annotation-api-2.1.1.jar;C:\\Users\\sahma\\.gradle\\caches\\modules-2\\files-2.1\\org.yaml\\snakeyaml\\1.33\\2cd0a87ff7df953f810c344bdf2fe3340b954c69\\snakeyaml-1.33.jar;C:\\Users\\sahma\\.gradle\\caches\\modules-2\\files-2.1\\org.thymeleaf\\thymeleaf\\3.1.1.RELEASE\\374a129dfa5e7d7f1a46eacc4d49e594ca0cf26f\\thymeleaf-3.1.1.RELEASE.jar;C:\\Users\\sahma\\.gradle\\caches\\modules-2\\files-2.1\\com.zaxxer\\HikariCP\\5.0.1\\a74c7f0a37046846e88d54f7cb6ea6d565c65f9c\\HikariCP-5.0.1.jar;C:\\Users\\sahma\\.gradle\\caches\\modules-2\\files-2.1\\ch.qos.logback\\logback-classic\\1.4.8\\f00ba91d993e4d14301b11968d3cacc3be7ef3e1\\logback-classic-1.4.8.jar;C:\\Users\\sahma\\.gradle\\caches\\modules-2\\files-2.1\\org.apache.logging.log4j\\log4j-to-slf4j\\2.20.0\\d37f81f8978e2672bc32c82712ab4b3f66624adc\\log4j-to-slf4j-2.20.0.jar;C:\\Users\\sahma\\.gradle\\caches\\modules-2\\files-2.1\\org.slf4j\\jul-to-slf4j\\2.0.7\\a48f44aeaa8a5ddc347007298a28173ac1fbbd8b\\jul-to-slf4j-2.0.7.jar;C:\\Users\\sahma\\.gradle\\caches\\modules-2\\files-2.1\\org.slf4j\\slf4j-api\\2.0.7\\41eb7184ea9d556f23e18b5cb99cad1f8581fc00\\slf4j-api-2.0.7.jar;C:\\Users\\sahma\\.gradle\\caches\\modules-2\\files-2.1\\com.fasterxml.jackson.datatype\\jackson-datatype-jsr310\\2.15.2\\30d16ec2aef6d8094c5e2dce1d95034ca8b6cb42\\jackson-datatype-jsr310-2.15.2.jar;C:\\Users\\sahma\\.gradle\\caches\\modules-2\\files-2.1\\com.fasterxml.jackson.module\\jackson-module-parameter-names\\2.15.2\\75f8d2788db20f6c587c7a19e94fb6248c314241\\jackson-module-parameter-names-2.15.2.jar;C:\\Users\\sahma\\.gradle\\caches\\modules-2\\files-2.1\\com.fasterxml.jackson.core\\jackson-annotations\\2.15.2\\4724a65ac8e8d156a24898d50fd5dbd3642870b8\\jackson-annotations-2.15.2.jar;C:\\Users\\sahma\\.gradle\\caches\\modules-2\\files-2.1\\com.fasterxml.jackson.core\\jackson-core\\2.15.2\\a6fe1836469a69b3ff66037c324d75fc66ef137c\\jackson-core-2.15.2.jar;C:\\Users\\sahma\\.gradle\\caches\\modules-2\\files-2.1\\com.fasterxml.jackson.datatype\\jackson-datatype-jdk8\\2.15.2\\66a50e089cfd2f93896b9b6f7a734cea7bcf2f31\\jackson-datatype-jdk8-2.15.2.jar;C:\\Users\\sahma\\.gradle\\caches\\modules-2\\files-2.1\\com.fasterxml.jackson.core\\jackson-databind\\2.15.2\\9353b021f10c307c00328f52090de2bdb4b6ff9c\\jackson-databind-2.15.2.jar;C:\\Users\\sahma\\.gradle\\caches\\modules-2\\files-2.1\\org.apache.tomcat.embed\\tomcat-embed-websocket\\10.1.11\\ac9ecc8a2b6a2cd8123554259faabc2e7b4aa013\\tomcat-embed-websocket-10.1.11.jar;C:\\Users\\sahma\\.gradle\\caches\\modules-2\\files-2.1\\org.apache.tomcat.embed\\tomcat-embed-core\\10.1.11\\9d1ba230cbe0dfb410b0beba102eff20e14793a1\\tomcat-embed-core-10.1.11.jar;C:\\Users\\sahma\\.gradle\\caches\\modules-2\\files-2.1\\org.apache.tomcat.embed\\tomcat-embed-el\\10.1.11\\97aa65b1f036f722e869f582f8d607d01508d420\\tomcat-embed-el-10.1.11.jar;C:\\Users\\sahma\\.gradle\\caches\\modules-2\\files-2.1\\io.micrometer\\micrometer-observation\\1.11.2\\704e145c4801320b4c7abf6c1a5b000155b069db\\micrometer-observation-1.11.2.jar;C:\\Users\\sahma\\.gradle\\caches\\modules-2\\files-2.1\\org.aspectj\\aspectjweaver\\1.9.19\\afbffb1210239fbba5cad73093c5b216d515838f\\aspectjweaver-1.9.19.jar;C:\\Users\\sahma\\.gradle\\caches\\modules-2\\files-2.1\\jakarta.persistence\\jakarta.persistence-api\\3.1.0\\66901fa1c373c6aff65c13791cc11da72060a8d6\\jakarta.persistence-api-3.1.0.jar;C:\\Users\\sahma\\.gradle\\caches\\modules-2\\files-2.1\\jakarta.transaction\\jakarta.transaction-api\\2.0.1\\51a520e3fae406abb84e2e1148e6746ce3f80a1a\\jakarta.transaction-api-2.0.1.jar;C:\\Users\\sahma\\.gradle\\caches\\modules-2\\files-2.1\\org.jboss.logging\\jboss-logging\\3.5.3.Final\\c88fc1d8a96d4c3491f55d4317458ccad53ca663\\jboss-logging-3.5.3.Final.jar;C:\\Users\\sahma\\.gradle\\caches\\modules-2\\files-2.1\\org.hibernate.common\\hibernate-commons-annotations\\6.0.6.Final\\77a5f94b56d49508e0ee334751db5b78e5ccd50c\\hibernate-commons-annotations-6.0.6.Final.jar;C:\\Users\\sahma\\.gradle\\caches\\modules-2\\files-2.1\\io.smallrye\\jandex\\3.0.5\\c548a4871b552292dbdd65409d3fda145c8925c1\\jandex-3.0.5.jar;C:\\Users\\sahma\\.gradle\\caches\\modules-2\\files-2.1\\com.fasterxml\\classmate\\1.5.1\\3fe0bed568c62df5e89f4f174c101eab25345b6c\\classmate-1.5.1.jar;C:\\Users\\sahma\\.gradle\\caches\\modules-2\\files-2.1\\net.bytebuddy\\byte-buddy\\1.14.5\\28a424c0c4f362568e904d992c239c996cf7adc7\\byte-buddy-1.14.5.jar;C:\\Users\\sahma\\.gradle\\caches\\modules-2\\files-2.1\\jakarta.inject\\jakarta.inject-api\\2.0.1\\4c28afe1991a941d7702fe1362c365f0a8641d1e\\jakarta.inject-api-2.0.1.jar;C:\\Users\\sahma\\.gradle\\caches\\modules-2\\files-2.1\\org.antlr\\antlr4-runtime\\4.10.1\\10839f875928f59c622d675091d51a43ea0dc5f7\\antlr4-runtime-4.10.1.jar;C:\\Users\\sahma\\.gradle\\caches\\modules-2\\files-2.1\\org.eclipse.angus\\angus-activation\\2.0.1\\eaafaf4eb71b400e4136fc3a286f50e34a68ecb7\\angus-activation-2.0.1.jar;C:\\Users\\sahma\\.gradle\\caches\\modules-2\\files-2.1\\jakarta.activation\\jakarta.activation-api\\2.1.2\\640c0d5aff45dbff1e1a1bc09673ff3a02b1ba12\\jakarta.activation-api-2.1.2.jar;C:\\Users\\sahma\\.gradle\\caches\\modules-2\\files-2.1\\net.minidev\\accessors-smart\\2.4.11\\245ceca7bdf3190fbb977045c852d5f3c8efece1\\accessors-smart-2.4.11.jar;C:\\Users\\sahma\\.gradle\\caches\\modules-2\\files-2.1\\net.bytebuddy\\byte-buddy-agent\\1.14.5\\20f4e9b9d0ffb953657bfa4b92c0cceb27907d58\\byte-buddy-agent-1.14.5.jar;C:\\Users\\sahma\\.gradle\\caches\\modules-2\\files-2.1\\org.objenesis\\objenesis\\3.3\\1049c09f1de4331e8193e579448d0916d75b7631\\objenesis-3.3.jar;C:\\Users\\sahma\\.gradle\\caches\\modules-2\\files-2.1\\com.vaadin.external.google\\android-json\\0.0.20131108.vaadin1\\fa26d351fe62a6a17f5cda1287c1c6110dec413f\\android-json-0.0.20131108.vaadin1.jar;C:\\Users\\sahma\\.gradle\\caches\\modules-2\\files-2.1\\org.springframework\\spring-jcl\\6.0.11\\c9b16cdb6d4874ba4118fcdd4b0335f6278b378\\spring-jcl-6.0.11.jar;C:\\Users\\sahma\\.gradle\\caches\\modules-2\\files-2.1\\org.opentest4j\\opentest4j\\1.3.0\\152ea56b3a72f655d4fd677fc0ef2596c3dd5e6e\\opentest4j-1.3.0.jar;C:\\Users\\sahma\\.gradle\\caches\\modules-2\\files-2.1\\org.attoparser\\attoparser\\2.0.6.RELEASE\\8f603f22a18d4f7258f8860ccbb68b069f49904a\\attoparser-2.0.6.RELEASE.jar;C:\\Users\\sahma\\.gradle\\caches\\modules-2\\files-2.1\\org.unbescape\\unbescape\\1.1.6.RELEASE\\7b90360afb2b860e09e8347112800d12c12b2a13\\unbescape-1.1.6.RELEASE.jar;C:\\Users\\sahma\\.gradle\\caches\\modules-2\\files-2.1\\io.micrometer\\micrometer-commons\\1.11.2\\f03f87bd7eacf79b00aa89907c6e30e0ec86b4\\micrometer-commons-1.11.2.jar;C:\\Users\\sahma\\.gradle\\caches\\modules-2\\files-2.1\\org.ow2.asm\\asm\\9.3\\8e6300ef51c1d801a7ed62d07cd221aca3a90640\\asm-9.3.jar;C:\\Users\\sahma\\.gradle\\caches\\modules-2\\files-2.1\\ch.qos.logback\\logback-core\\1.4.8\\3fba9c105e0efc5ffdcda701379687917d5286f7\\logback-core-1.4.8.jar;C:\\Users\\sahma\\.gradle\\caches\\modules-2\\files-2.1\\org.apache.logging.log4j\\log4j-api\\2.20.0\\1fe6082e660daf07c689a89c94dc0f49c26b44bb\\log4j-api-2.20.0.jar;C:\\Users\\sahma\\.gradle\\caches\\modules-2\\files-2.1\\org.glassfish.jaxb\\txw2\\4.0.3\\47b8fe31c6d1a3382203af919400527389e01e9c\\txw2-4.0.3.jar;C:\\Users\\sahma\\.gradle\\caches\\modules-2\\files-2.1\\com.sun.istack\\istack-commons-runtime\\4.1.2\\18ec117c85f3ba0ac65409136afa8e42bc74e739\\istack-commons-runtime-4.1.2.jar
Launcher Type: SUN_STANDARD

[Global flags]
     intx CICompilerCount                          = 4                                         {product} {ergonomic}
     uint ConcGCThreads                            = 3                                         {product} {ergonomic}
     bool EnableDynamicAgentLoading                = true                                      {product} {command line}
     uint G1ConcRefinementThreads                  = 10                                        {product} {ergonomic}
   size_t G1HeapRegionSize                         = 1048576                                   {product} {ergonomic}
    uintx GCDrainStackTargetSize                   = 64                                        {product} {ergonomic}
   size_t InitialHeapSize                          = 264241152                                 {product} {ergonomic}
   size_t MarkStackSize                            = 4194304                                   {product} {ergonomic}
   size_t MaxHeapSize                              = 536870912                                 {product} {command line}
   size_t MaxNewSize                               = 321912832                                 {product} {ergonomic}
   size_t MinHeapDeltaBytes                        = 1048576                                   {product} {ergonomic}
   size_t MinHeapSize                              = 8388608                                   {product} {ergonomic}
    uintx NonNMethodCodeHeapSize                   = 5839372                                {pd product} {ergonomic}
    uintx NonProfiledCodeHeapSize                  = 122909434                              {pd product} {ergonomic}
    uintx ProfiledCodeHeapSize                     = 122909434                              {pd product} {ergonomic}
    uintx ReservedCodeCacheSize                    = 251658240                              {pd product} {ergonomic}
     bool SegmentedCodeCache                       = true                                      {product} {ergonomic}
   size_t SoftMaxHeapSize                          = 536870912                              {manageable} {ergonomic}
     bool UseCompressedOops                        = true                           {product lp64_product} {ergonomic}
     bool UseG1GC                                  = true                                      {product} {ergonomic}
     bool UseLargePagesIndividualAllocation        = false                                  {pd product} {ergonomic}

Logging:
Log output configuration:
 #0: stdout all=warning uptime,level,tags foldmultilines=false
 #1: stderr all=off uptime,level,tags foldmultilines=false

Environment Variables:
JAVA_HOME=C:\Program Files\Eclipse Adoptium\jdk-21.0.3
PATH=C:\Program Files\Python311\Scripts\;C:\Program Files\Python311\;C:\Program Files\Python39\Scripts\;C:\Program Files\Python39\;C:\Program Files\Eclipse Adoptium\jdk-21.0.3.9-hotspot\bin;C:\Windows\system32;C:\Windows;C:\Windows\System32\Wbem;C:\Windows\System32\WindowsPowerShell\v1.0\;C:\Windows\System32\OpenSSH\;C:\Program Files\Git\cmd;C:\nodejs\;C:\ProgramData\chocolatey\bin;C:\Program Files\gs\gs10.03.1\bin;C:\Users\sahma\Desktop\projects\letsMOD\modai\social_post_agent\myvenv\Scripts;;C:\Users\sahma\.config\herd\bin\nvm;C:\Program Files\nodejs;C:\Program Files\GitHub CLI\;%SystemRoot%\system32;%SystemRoot%;%SystemRoot%\System32\Wbem;%SYSTEMROOT%\System32\WindowsPowerShell\v1.0\;%SYSTEMROOT%\System32\OpenSSH\;C:\Program Files\MySQL\MySQL Shell 8.0\bin\;C:\Users\sahma\.config\herd\bin;C:\Users\sahma\AppData\Local\Microsoft\WindowsApps;C:\Users\sahma\AppData\Local\Programs\Microsoft VS Code\bin;C:\Users\sahma\AppData\Local\Microsoft\WinGet\Packages\Schniz.fnm_Microsoft.Winget.Source_8wekyb3d8bbwe;C:\Users\sahma\AppData\Roaming\npm;C:\msys64\ucrt64\bin;C:\Program Files\heroku\bin;C:\Program Files\Python311\;
USERNAME=sahma
OS=Windows_NT
PROCESSOR_IDENTIFIER=Intel64 Family 6 Model 154 Stepping 4, GenuineIntel
TMP=C:\Users\sahma\AppData\Local\Temp
TEMP=C:\Users\sahma\AppData\Local\Temp




Periodic native trim disabled

---------------  S Y S T E M  ---------------

OS:
 Windows 11 , 64 bit Build 26100 (10.0.26100.3037)
OS uptime: 3 days 3:55 hours
Hyper-V role detected

CPU: total 12 (initial active 12) (6 cores per cpu, 2 threads per core) family 6 model 154 stepping 4 microcode 0x424, cx8, cmov, fxsr, ht, mmx, 3dnowpref, sse, sse2, sse3, ssse3, sse4.1, sse4.2, popcnt, lzcnt, tsc, tscinvbit, avx, avx2, aes, erms, clmul, bmi1, bmi2, adx, sha, fma, vzeroupper, clflush, clflushopt, clwb, hv, serialize, rdtscp, rdpid, fsrm, f16c, cet_ibt, cet_ss
Processor Information for processor 0
  Max Mhz: 1700, Current Mhz: 1700, Mhz Limit: 1700
Processor Information for processor 1
  Max Mhz: 1700, Current Mhz: 1700, Mhz Limit: 1700
Processor Information for processor 2
  Max Mhz: 1700, Current Mhz: 1700, Mhz Limit: 1700
Processor Information for processor 3
  Max Mhz: 1700, Current Mhz: 1700, Mhz Limit: 1700
Processor Information for processor 4
  Max Mhz: 1200, Current Mhz: 1200, Mhz Limit: 1200
Processor Information for processor 5
  Max Mhz: 1200, Current Mhz: 1200, Mhz Limit: 1200
Processor Information for processor 6
  Max Mhz: 1200, Current Mhz: 1200, Mhz Limit: 1200
Processor Information for processor 7
  Max Mhz: 1200, Current Mhz: 1200, Mhz Limit: 1200
Processor Information for processor 8
  Max Mhz: 1200, Current Mhz: 1200, Mhz Limit: 1200
Processor Information for processor 9
  Max Mhz: 1200, Current Mhz: 1200, Mhz Limit: 1200
Processor Information for processor 10
  Max Mhz: 1200, Current Mhz: 1200, Mhz Limit: 1200
Processor Information for processor 11
  Max Mhz: 1200, Current Mhz: 1200, Mhz Limit: 1200

Memory: 4k page, system-wide physical 16108M (2343M free)
TotalPageFile size 26108M (AvailPageFile size 16M)
current process WorkingSet (physical memory assigned to process): 108M, peak: 108M
current process commit charge ("private bytes"): 376M, peak: 376M

vm_info: OpenJDK 64-Bit Server VM (21.0.2+13-LTS) for windows-amd64 JRE (21.0.2+13-LTS), built on 2024-01-10T23:18:03Z by "Administrator" with MS VC++ 16.10 / 16.11 (VS2019)

END.
